#
# There is insufficient memory for the Java Runtime Environment to continue.
# Native memory allocation (malloc) failed to allocate 883056 bytes for Chunk::new
# Possible reasons:
#   The system is out of physical RAM or swap space
#   In 32 bit mode, the process size limit was hit
# Possible solutions:
#   Reduce memory load on the system
#   Increase physical memory or swap space
#   Check if swap backing store is full
#   Use 64 bit Java on a 64 bit OS
#   Decrease Java heap size (-Xmx/-Xms)
#   Decrease number of Java threads
#   Decrease Java thread stack sizes (-Xss)
#   Set larger code cache with -XX:ReservedCodeCacheSize=
# This output file may be truncated or incomplete.
#
#  Out of Memory Error (allocation.cpp:390), pid=9700, tid=0x0000000000003214
#
# JRE version: Java(TM) SE Runtime Environment (8.0_92-b14) (build 1.8.0_92-b14)
# Java VM: Java HotSpot(TM) 64-Bit Server VM (25.92-b14 mixed mode windows-amd64 compressed oops)
# Failed to write core dump. Minidumps are not enabled by default on client versions of Windows
#

---------------  T H R E A D  ---------------

Current thread (0x0000000014a1c000):  JavaThread "C2 CompilerThread0" daemon [_thread_in_native, id=12820, stack(0x0000000016070000,0x0000000016170000)]

Stack: [0x0000000016070000,0x0000000016170000]
[error occurred during error reporting (printing stack bounds), id 0xc0000005]

Native frames: (J=compiled Java code, j=interpreted, Vv=VM code, C=native code)


Current CompileTask:
C2:  12884 2169   !   4       com.android.dx.cf.code.BytecodeArray::parseInstruction (2764 bytes)


---------------  P R O C E S S  ---------------

Java Threads: ( => current thread )
  0x000000001654f000 JavaThread "pool-1-thread-1" [_thread_in_Java, id=12588, stack(0x0000000019610000,0x0000000019710000)]
  0x0000000014a7c000 JavaThread "Service Thread" daemon [_thread_blocked, id=12196, stack(0x0000000016770000,0x0000000016870000)]
  0x0000000016278800 JavaThread "C1 CompilerThread2" daemon [_thread_blocked, id=7084, stack(0x0000000016670000,0x0000000016770000)]
  0x0000000014a71000 JavaThread "C2 CompilerThread1" daemon [_thread_in_native, id=968, stack(0x0000000016170000,0x0000000016270000)]
=>0x0000000014a1c000 JavaThread "C2 CompilerThread0" daemon [_thread_in_native, id=12820, stack(0x0000000016070000,0x0000000016170000)]
  0x0000000014a1a800 JavaThread "Attach Listener" daemon [_thread_blocked, id=11928, stack(0x0000000015f70000,0x0000000016070000)]
  0x0000000014a19800 JavaThread "Signal Dispatcher" daemon [_thread_blocked, id=13112, stack(0x0000000015e70000,0x0000000015f70000)]
  0x0000000014a0a800 JavaThread "Finalizer" daemon [_thread_blocked, id=8876, stack(0x0000000015c80000,0x0000000015d80000)]
  0x0000000002310000 JavaThread "Reference Handler" daemon [_thread_blocked, id=6272, stack(0x0000000015b80000,0x0000000015c80000)]
  0x0000000002221000 JavaThread "main" [_thread_blocked, id=1628, stack(0x0000000002120000,0x0000000002220000)]

Other Threads:
  0x00000000149e7800 VMThread [stack: 0x0000000015a80000,0x0000000015b80000] [id=14728]
  0x0000000014a7e800 WatcherThread [stack: 0x0000000016870000,0x0000000016970000] [id=11784]

VM state:not at safepoint (normal execution)

VM Mutex/Monitor currently owned by a thread: None

Heap:
 PSYoungGen      total 218624K, used 37047K [0x00000000eab00000, 0x00000000f9d00000, 0x0000000100000000)
  eden space 193024K, 13% used [0x00000000eab00000,0x00000000ec53c250,0x00000000f6780000)
  from space 25600K, 39% used [0x00000000f6780000,0x00000000f7171b20,0x00000000f8080000)
  to   space 22016K, 0% used [0x00000000f8080000,0x00000000f8080000,0x00000000f9600000)
 ParOldGen       total 133632K, used 65308K [0x00000000c0000000, 0x00000000c8280000, 0x00000000eab00000)
  object space 133632K, 48% used [0x00000000c0000000,0x00000000c3fc71d0,0x00000000c8280000)
 Metaspace       used 6652K, capacity 7320K, committed 7680K, reserved 1056768K
  class space    used 629K, capacity 656K, committed 768K, reserved 1048576K

Card table byte_map: [0x00000000116f0000,0x0000000011900000] byte_map_base: 0x00000000110f0000

Marking Bits: (ParMarkBitMap*) 0x000000006cae64f0
 Begin Bits: [0x0000000011e60000, 0x0000000012e60000)
 End Bits:   [0x0000000012e60000, 0x0000000013e60000)

Polling page: 0x00000000020c0000

CodeCache: size=245760Kb used=9783Kb max_used=9783Kb free=235976Kb
 bounds [0x0000000002330000, 0x0000000002cd0000, 0x0000000011330000]
 total_blobs=2441 nmethods=2171 adapters=182
 compilation: enabled

Compilation events (10 events):
Event: 12.814 Thread 0x0000000016278800 2241       3       com.android.dx.dex.code.StdCatchBuilder::hasAnyCatches (57 bytes)
Event: 12.815 Thread 0x0000000016278800 nmethod 2241 0x0000000002cbe5d0 code [0x0000000002cbe7c0, 0x0000000002cbf4f8]
Event: 12.829 Thread 0x0000000016278800 2243       2       com.android.dx.rop.code.SwitchInsn::getCatches (4 bytes)
Event: 12.830 Thread 0x0000000016278800 nmethod 2243 0x0000000002cbfa50 code [0x0000000002cbfba0, 0x0000000002cbfcf0]
Event: 12.840 Thread 0x0000000016278800 2244 %     3       com.android.dx.dex.file.CodeItem::addContents @ 142 (174 bytes)
Event: 12.842 Thread 0x0000000016278800 nmethod 2244% 0x0000000002cbfd90 code [0x0000000002cc00a0, 0x0000000002cc1ac8]
Event: 12.842 Thread 0x0000000016278800 2245       3       com.android.dx.dex.file.CodeItem::addContents (174 bytes)
Event: 12.843 Thread 0x0000000016278800 nmethod 2245 0x0000000002cc25d0 code [0x0000000002cc28e0, 0x0000000002cc4288]
Event: 12.873 Thread 0x0000000016278800 2246       2       java.util.HashSet::<init> (17 bytes)
Event: 12.874 Thread 0x0000000016278800 nmethod 2246 0x0000000002cc4d50 code [0x0000000002cc4ee0, 0x0000000002cc50e8]

GC Heap History (10 events):
Event: 3.979 GC heap before
{Heap before GC invocations=4 (full 0):
 PSYoungGen      total 53248K, used 53224K [0x00000000eab00000, 0x00000000f1300000, 0x0000000100000000)
  eden space 49152K, 100% used [0x00000000eab00000,0x00000000edb00000,0x00000000edb00000)
  from space 4096K, 99% used [0x00000000edb00000,0x00000000edefa2c0,0x00000000edf00000)
  to   space 4096K, 0% used [0x00000000f0f00000,0x00000000f0f00000,0x00000000f1300000)
 ParOldGen       total 65536K, used 9640K [0x00000000c0000000, 0x00000000c4000000, 0x00000000eab00000)
  object space 65536K, 14% used [0x00000000c0000000,0x00000000c096a268,0x00000000c4000000)
 Metaspace       used 6274K, capacity 7090K, committed 7296K, reserved 1056768K
  class space    used 603K, capacity 618K, committed 640K, reserved 1048576K
Event: 4.012 GC heap after
Heap after GC invocations=4 (full 0):
 PSYoungGen      total 102400K, used 4092K [0x00000000eab00000, 0x00000000f1300000, 0x0000000100000000)
  eden space 98304K, 0% used [0x00000000eab00000,0x00000000eab00000,0x00000000f0b00000)
  from space 4096K, 99% used [0x00000000f0f00000,0x00000000f12ff0a0,0x00000000f1300000)
  to   space 4096K, 0% used [0x00000000f0b00000,0x00000000f0b00000,0x00000000f0f00000)
 ParOldGen       total 65536K, used 17363K [0x00000000c0000000, 0x00000000c4000000, 0x00000000eab00000)
  object space 65536K, 26% used [0x00000000c0000000,0x00000000c10f4de0,0x00000000c4000000)
 Metaspace       used 6274K, capacity 7090K, committed 7296K, reserved 1056768K
  class space    used 603K, capacity 618K, committed 640K, reserved 1048576K
}
Event: 4.616 GC heap before
{Heap before GC invocations=5 (full 0):
 PSYoungGen      total 102400K, used 102396K [0x00000000eab00000, 0x00000000f1300000, 0x0000000100000000)
  eden space 98304K, 100% used [0x00000000eab00000,0x00000000f0b00000,0x00000000f0b00000)
  from space 4096K, 99% used [0x00000000f0f00000,0x00000000f12ff0a0,0x00000000f1300000)
  to   space 4096K, 0% used [0x00000000f0b00000,0x00000000f0b00000,0x00000000f0f00000)
 ParOldGen       total 65536K, used 17363K [0x00000000c0000000, 0x00000000c4000000, 0x00000000eab00000)
  object space 65536K, 26% used [0x00000000c0000000,0x00000000c10f4de0,0x00000000c4000000)
 Metaspace       used 6383K, capacity 7154K, committed 7296K, reserved 1056768K
  class space    used 603K, capacity 618K, committed 640K, reserved 1048576K
Event: 4.707 GC heap after
Heap after GC invocations=5 (full 0):
 PSYoungGen      total 102400K, used 4093K [0x00000000eab00000, 0x00000000f9600000, 0x0000000100000000)
  eden space 98304K, 0% used [0x00000000eab00000,0x00000000eab00000,0x00000000f0b00000)
  from space 4096K, 99% used [0x00000000f0b00000,0x00000000f0eff738,0x00000000f0f00000)
  to   space 22016K, 0% used [0x00000000f8080000,0x00000000f8080000,0x00000000f9600000)
 ParOldGen       total 65536K, used 32412K [0x00000000c0000000, 0x00000000c4000000, 0x00000000eab00000)
  object space 65536K, 49% used [0x00000000c0000000,0x00000000c1fa71c0,0x00000000c4000000)
 Metaspace       used 6383K, capacity 7154K, committed 7296K, reserved 1056768K
  class space    used 603K, capacity 618K, committed 640K, reserved 1048576K
}
Event: 5.448 GC heap before
{Heap before GC invocations=6 (full 0):
 PSYoungGen      total 102400K, used 102397K [0x00000000eab00000, 0x00000000f9600000, 0x0000000100000000)
  eden space 98304K, 100% used [0x00000000eab00000,0x00000000f0b00000,0x00000000f0b00000)
  from space 4096K, 99% used [0x00000000f0b00000,0x00000000f0eff738,0x00000000f0f00000)
  to   space 22016K, 0% used [0x00000000f8080000,0x00000000f8080000,0x00000000f9600000)
 ParOldGen       total 65536K, used 32412K [0x00000000c0000000, 0x00000000c4000000, 0x00000000eab00000)
  object space 65536K, 49% used [0x00000000c0000000,0x00000000c1fa71c0,0x00000000c4000000)
 Metaspace       used 6542K, capacity 7256K, committed 7424K, reserved 1056768K
  class space    used 623K, capacity 656K, committed 768K, reserved 1048576K
Event: 5.520 GC heap after
Heap after GC invocations=6 (full 0):
 PSYoungGen      total 215040K, used 19731K [0x00000000eab00000, 0x00000000f9d00000, 0x0000000100000000)
  eden space 193024K, 0% used [0x00000000eab00000,0x00000000eab00000,0x00000000f6780000)
  from space 22016K, 89% used [0x00000000f8080000,0x00000000f93c4c70,0x00000000f9600000)
  to   space 25600K, 0% used [0x00000000f6780000,0x00000000f6780000,0x00000000f8080000)
 ParOldGen       total 65536K, used 32412K [0x00000000c0000000, 0x00000000c4000000, 0x00000000eab00000)
  object space 65536K, 49% used [0x00000000c0000000,0x00000000c1fa71c0,0x00000000c4000000)
 Metaspace       used 6542K, capacity 7256K, committed 7424K, reserved 1056768K
  class space    used 623K, capacity 656K, committed 768K, reserved 1048576K
}
Event: 6.932 GC heap before
{Heap before GC invocations=7 (full 0):
 PSYoungGen      total 215040K, used 212755K [0x00000000eab00000, 0x00000000f9d00000, 0x0000000100000000)
  eden space 193024K, 100% used [0x00000000eab00000,0x00000000f6780000,0x00000000f6780000)
  from space 22016K, 89% used [0x00000000f8080000,0x00000000f93c4c70,0x00000000f9600000)
  to   space 25600K, 0% used [0x00000000f6780000,0x00000000f6780000,0x00000000f8080000)
 ParOldGen       total 65536K, used 32412K [0x00000000c0000000, 0x00000000c4000000, 0x00000000eab00000)
  object space 65536K, 49% used [0x00000000c0000000,0x00000000c1fa71c0,0x00000000c4000000)
 Metaspace       used 6565K, capacity 7256K, committed 7424K, reserved 1056768K
  class space    used 625K, capacity 656K, committed 768K, reserved 1048576K
Event: 7.089 GC heap after
Heap after GC invocations=7 (full 0):
 PSYoungGen      total 218624K, used 25583K [0x00000000eab00000, 0x00000000f9d00000, 0x0000000100000000)
  eden space 193024K, 0% used [0x00000000eab00000,0x00000000eab00000,0x00000000f6780000)
  from space 25600K, 99% used [0x00000000f6780000,0x00000000f807bd40,0x00000000f8080000)
  to   space 22016K, 0% used [0x00000000f8080000,0x00000000f8080000,0x00000000f9600000)
 ParOldGen       total 65536K, used 53031K [0x00000000c0000000, 0x00000000c4000000, 0x00000000eab00000)
  object space 65536K, 80% used [0x00000000c0000000,0x00000000c33c9f90,0x00000000c4000000)
 Metaspace       used 6565K, capacity 7256K, committed 7424K, reserved 1056768K
  class space    used 625K, capacity 656K, committed 768K, reserved 1048576K
}
Event: 7.089 GC heap before
{Heap before GC invocations=8 (full 1):
 PSYoungGen      total 218624K, used 25583K [0x00000000eab00000, 0x00000000f9d00000, 0x0000000100000000)
  eden space 193024K, 0% used [0x00000000eab00000,0x00000000eab00000,0x00000000f6780000)
  from space 25600K, 99% used [0x00000000f6780000,0x00000000f807bd40,0x00000000f8080000)
  to   space 22016K, 0% used [0x00000000f8080000,0x00000000f8080000,0x00000000f9600000)
 ParOldGen       total 65536K, used 53031K [0x00000000c0000000, 0x00000000c4000000, 0x00000000eab00000)
  object space 65536K, 80% used [0x00000000c0000000,0x00000000c33c9f90,0x00000000c4000000)
 Metaspace       used 6565K, capacity 7256K, committed 7424K, reserved 1056768K
  class space    used 625K, capacity 656K, committed 768K, reserved 1048576K
Event: 12.369 GC heap after
Heap after GC invocations=8 (full 1):
 PSYoungGen      total 218624K, used 10182K [0x00000000eab00000, 0x00000000f9d00000, 0x0000000100000000)
  eden space 193024K, 0% used [0x00000000eab00000,0x00000000eab00000,0x00000000f6780000)
  from space 25600K, 39% used [0x00000000f6780000,0x00000000f7171b20,0x00000000f8080000)
  to   space 22016K, 0% used [0x00000000f8080000,0x00000000f8080000,0x00000000f9600000)
 ParOldGen       total 133632K, used 65308K [0x00000000c0000000, 0x00000000c8280000, 0x00000000eab00000)
  object space 133632K, 48% used [0x00000000c0000000,0x00000000c3fc71d0,0x00000000c8280000)
 Metaspace       used 6565K, capacity 7256K, committed 7424K, reserved 1056768K
  class space    used 625K, capacity 656K, committed 768K, reserved 1048576K
}

Deoptimization events (10 events):
Event: 12.426 Thread 0x00000000164c9000 Uncommon trap: reason=class_check action=maybe_recompile pc=0x0000000002c7dcf4 method=com.android.dx.cf.code.BytecodeArray.parseInstruction(ILcom/android/dx/cf/code/BytecodeArray$Visitor;)I @ 2267
Event: 12.668 Thread 0x000000001654f000 Uncommon trap: reason=class_check action=maybe_recompile pc=0x0000000002728ac8 method=java.util.Arrays.hashCode([Ljava/lang/Object;)I @ 43
Event: 12.668 Thread 0x000000001654f000 Uncommon trap: reason=class_check action=maybe_recompile pc=0x0000000002728ac8 method=java.util.Arrays.hashCode([Ljava/lang/Object;)I @ 43
Event: 12.668 Thread 0x000000001654f000 Uncommon trap: reason=class_check action=maybe_recompile pc=0x0000000002728ac8 method=java.util.Arrays.hashCode([Ljava/lang/Object;)I @ 43
Event: 12.668 Thread 0x000000001654f000 Uncommon trap: reason=class_check action=maybe_recompile pc=0x0000000002728ac8 method=java.util.Arrays.hashCode([Ljava/lang/Object;)I @ 43
Event: 12.668 Thread 0x000000001654f000 Uncommon trap: reason=class_check action=maybe_recompile pc=0x00000000027290b4 method=java.util.Arrays.hashCode([Ljava/lang/Object;)I @ 43
Event: 12.748 Thread 0x000000001654f000 Uncommon trap: reason=class_check action=maybe_recompile pc=0x00000000026efb08 method=java.util.HashMap.putVal(ILjava/lang/Object;Ljava/lang/Object;ZZ)Ljava/lang/Object; @ 203
Event: 12.749 Thread 0x000000001654f000 Uncommon trap: reason=class_check action=maybe_recompile pc=0x00000000026efb08 method=java.util.HashMap.putVal(ILjava/lang/Object;Ljava/lang/Object;ZZ)Ljava/lang/Object; @ 203
Event: 12.751 Thread 0x000000001654f000 Uncommon trap: reason=class_check action=maybe_recompile pc=0x00000000026efb08 method=java.util.HashMap.putVal(ILjava/lang/Object;Ljava/lang/Object;ZZ)Ljava/lang/Object; @ 203
Event: 12.751 Thread 0x000000001654f000 Uncommon trap: reason=class_check action=maybe_recompile pc=0x00000000026efb08 method=java.util.HashMap.putVal(ILjava/lang/Object;Ljava/lang/Object;ZZ)Ljava/lang/Object; @ 203

Internal exceptions (9 events):
Event: 0.049 Thread 0x0000000002221000 Exception <a 'java/lang/NoSuchMethodError': Method sun.misc.Unsafe.defineClass(Ljava/lang/String;[BII)Ljava/lang/Class; name or signature does not match> (0x00000000eab07cc0) thrown at [D:\re\workspace\8-2-build-windows-amd64-cygwin\jdk8u92\6642\hotspot\srÕ‡}¶ù¨?
Event: 0.049 Thread 0x0000000002221000 Exception <a 'java/lang/NoSuchMethodError': Method sun.misc.Unsafe.prefetchRead(Ljava/lang/Object;J)V name or signature does not match> (0x00000000eab07fa8) thrown at [D:\re\workspace\8-2-build-windows-amd64-cygwin\jdk8u92\6642\hotspot\src\share\vm\prims\j‡E¯.@
Event: 2.523 Thread 0x0000000002221000 Implicit null exception at 0x0000000002583242 to 0x00000000025853bd
Event: 2.734 Thread 0x00000000164c9000 Implicit null exception at 0x0000000002677e62 to 0x0000000002677f69
Event: 4.580 Thread 0x0000000002221000 Implicit null exception at 0x00000000028dbb69 to 0x00000000028dd095
Event: 4.729 Thread 0x00000000164c9000 Implicit null exception at 0x00000000028b23f1 to 0x00000000028b3da5
Event: 4.939 Thread 0x00000000164ca000 Exception <a 'java/lang/ArrayIndexOutOfBoundsException': 18> (0x00000000ed0023f0) thrown at [D:\re\workspace\8-2-build-windows-amd64-cygwin\jdk8u92\6642\hotspot\src\share\vm\interpreter\interpreterRuntime.cpp, line 366]
Event: 4.940 Thread 0x00000000164ca000 Exception <a 'java/lang/ArrayIndexOutOfBoundsException'> (0x00000000ed003f70) thrown at [D:\re\workspace\8-2-build-windows-amd64-cygwin\jdk8u92\6642\hotspot\src\share\vm\runtime\sharedRuntime.cpp, line 605]
Event: 4.941 Thread 0x00000000164ca000 Exception <a 'java/lang/ArrayIndexOutOfBoundsException'> (0x00000000ed005258) thrown at [D:\re\workspace\8-2-build-windows-amd64-cygwin\jdk8u92\6642\hotspot\src\share\vm\runtime\sharedRuntime.cpp, line 605]

Events (10 events):
Event: 12.766 loading class com/android/dx/dex/file/CatchStructs
Event: 12.766 loading class com/android/dx/dex/file/CatchStructs done
Event: 12.778 Thread 0x000000001654f000 DEOPT PACKING pc=0x0000000002cb546a sp=0x000000001970e780
Event: 12.778 Thread 0x000000001654f000 DEOPT UNPACKING pc=0x000000000237787f sp=0x000000001970e510 mode 0
Event: 12.780 Thread 0x000000001654f000 DEOPT PACKING pc=0x0000000002cb3c75 sp=0x000000001970e700
Event: 12.780 Thread 0x000000001654f000 DEOPT UNPACKING pc=0x000000000237787f sp=0x000000001970e448 mode 0
Event: 12.815 Thread 0x000000001654f000 DEOPT PACKING pc=0x0000000002cb5e84 sp=0x000000001970e7b0
Event: 12.815 Thread 0x000000001654f000 DEOPT UNPACKING pc=0x000000000237787f sp=0x000000001970e500 mode 0
Event: 12.843 Thread 0x000000001654f000 DEOPT PACKING pc=0x0000000002cb6b18 sp=0x000000001970e840
Event: 12.843 Thread 0x000000001654f000 DEOPT UNPACKING pc=0x000000000237787f sp=0x000000001970e5c0 mode 0


Dynamic libraries:
0x00007ff7d46a0000 - 0x00007ff7d46d7000 	C:\Program Files\Java\jdk1.8.0_92\bin\java.exe
0x00007fffafe80000 - 0x00007fffb0041000 	C:\Windows\SYSTEM32\ntdll.dll
0x00007fffad470000 - 0x00007fffad51d000 	C:\Windows\system32\KERNEL32.DLL
0x00007fffacbf0000 - 0x00007fffacdd8000 	C:\Windows\system32\KERNELBASE.dll
0x00007fffaf220000 - 0x00007fffaf2c7000 	C:\Windows\system32\ADVAPI32.dll
0x00007fffad7d0000 - 0x00007fffad86d000 	C:\Windows\system32\msvcrt.dll
0x00007fffaf070000 - 0x00007fffaf0cb000 	C:\Windows\system32\sechost.dll
0x00007fffad870000 - 0x00007fffad98c000 	C:\Windows\system32\RPCRT4.dll
0x00007fffad670000 - 0x00007fffad7c6000 	C:\Windows\system32\USER32.dll
0x00007fffad2e0000 - 0x00007fffad466000 	C:\Windows\system32\GDI32.dll
0x00007fffa0260000 - 0x00007fffa04d4000 	C:\Windows\WinSxS\amd64_microsoft.windows.common-controls_6595b64144ccf1df_6.0.10586.589_none_a2ddb3caa539acce\COMCTL32.dll
0x00007fffaf400000 - 0x00007fffaf67d000 	C:\Windows\system32\combase.dll
0x00007fffacfb0000 - 0x00007fffad01a000 	C:\Windows\system32\bcryptPrimitives.dll
0x00007fffad630000 - 0x00007fffad66b000 	C:\Windows\system32\IMM32.DLL
0x000000006be40000 - 0x000000006bf12000 	C:\Program Files\Java\jdk1.8.0_92\jre\bin\msvcr100.dll
0x000000006c2d0000 - 0x000000006cb66000 	C:\Program Files\Java\jdk1.8.0_92\jre\bin\server\jvm.dll
0x00007fffaf050000 - 0x00007fffaf058000 	C:\Windows\system32\PSAPI.DLL
0x00007fffa57f0000 - 0x00007fffa57f9000 	C:\Windows\SYSTEM32\WSOCK32.dll
0x00007fffafc00000 - 0x00007fffafc6b000 	C:\Windows\system32\WS2_32.dll
0x00007fffaaba0000 - 0x00007fffaabc3000 	C:\Windows\SYSTEM32\WINMM.dll
0x00007fffa0a00000 - 0x00007fffa0a0a000 	C:\Windows\SYSTEM32\VERSION.dll
0x00007fffaab70000 - 0x00007fffaab9c000 	C:\Windows\SYSTEM32\WINMMBASE.dll
0x00007fffacb80000 - 0x00007fffacbc3000 	C:\Windows\system32\cfgmgr32.dll
0x000000006c2c0000 - 0x000000006c2cf000 	C:\Program Files\Java\jdk1.8.0_92\jre\bin\verify.dll
0x000000006c290000 - 0x000000006c2b9000 	C:\Program Files\Java\jdk1.8.0_92\jre\bin\java.dll
0x000000006c270000 - 0x000000006c286000 	C:\Program Files\Java\jdk1.8.0_92\jre\bin\zip.dll
0x00007fffad990000 - 0x00007fffaeeec000 	C:\Windows\system32\SHELL32.dll
0x00007fffac530000 - 0x00007fffacb75000 	C:\Windows\system32\windows.storage.dll
0x00007fffafe20000 - 0x00007fffafe72000 	C:\Windows\system32\shlwapi.dll
0x00007fffac510000 - 0x00007fffac51f000 	C:\Windows\system32\kernel.appcore.dll
0x00007fffad020000 - 0x00007fffad0d5000 	C:\Windows\system32\shcore.dll
0x00007fffac4a0000 - 0x00007fffac4eb000 	C:\Windows\system32\powrprof.dll
0x00007fffac4f0000 - 0x00007fffac504000 	C:\Windows\system32\profapi.dll

VM Arguments:
jvm_args: -Djava.awt.headless=true -Xmx1024M -Dfile.encoding=windows-1252 -Duser.country=GB -Duser.language=en -Duser.variant 
java_command: com.android.dx.command.Main --dex --force-jumbo --num-threads=4 --multi-dex --output C:\Users\Edgaras\Desktop\Mokslai\Projects\Android Projects\SpaceShooter\app\build\intermediates\transforms\dex\debug\folders\1000\10\com.android.support-support-v4-24.1.0_d6b98b1b0361848804f0d3e66441ec8c08f7ccc4 C:\Users\Edgaras\Desktop\Mokslai\Projects\Android Projects\SpaceShooter\app\build\intermediates\exploded-aar\com.android.support\support-v4\24.1.0\jars\classes.jar
java_class_path (initial): C:\Users\Edgaras\AppData\Local\Android\sdk\build-tools\24.0.0\lib\dx.jar
Launcher Type: SUN_STANDARD

Environment Variables:
PATH=C:\ProgramData\Oracle\Java\javapath;C:\Windows\system32;C:\Windows;C:\Windows\System32\Wbem;C:\Windows\System32\WindowsPowerShell\v1.0\;C:\Program Files (x86)\MySQL\MySQL Fabric 1.5 & MySQL Utilities 1.5\;C:\Program Files (x86)\MySQL\MySQL Fabric 1.5 & MySQL Utilities 1.5\Doctrine extensions for PHP\;C:\Program Files\Microsoft SQL Server\130\Tools\Binn\;C:\Program Files\nodejs\;C:\Windows\system32\config\systemprofile\.dnx\bin;C:\Program Files\Microsoft DNX\Dnvm\;C:\Users\Edgaras\AppData\Local\Android\Sdk\tools;C:\Users\Edgaras\AppData\Local\Android\Sdk\platform-tools;C:\Users\Edgaras\AppData\Roaming\npm
USERNAME=Edgaras
OS=Windows_NT
PROCESSOR_IDENTIFIER=Intel64 Family 6 Model 61 Stepping 4, GenuineIntel



---------------  S Y S T E M  ---------------

OS: Windows 10.0 , 64 bit Build 10586 (10.0.10586.589)

CPU:total 4 (2 cores per cpu, 2 threads per core) family 6 model 61 stepping 4, cmov, cx8, fxsr, mmx, sse, sse2, sse3, ssse3, sse4.1, sse4.2, popcnt, avx, avx2, aes, clmul, erms, 3dnowpref, lzcnt, ht, tsc, tscinvbit, bmi1, bmi2, adx

Memory: 4k page, physical 6204428k(909388k free), swap 8052584k(5904k free)

vm_info: Java HotSpot(TM) 64-Bit Server VM (25.92-b14) for windows-amd64 JRE (1.8.0_92-b14), built on Mar 31 2016 21:03:04 by "java_re" with MS VC++ 10.0 (VS2010)

time: Mon Nov 14 00:43:06 2016
elapsed time: 12 seconds (0d 0h 0m 12s)

