#
# There is insufficient memory for the Java Runtime Environment to continue.
# Native memory allocation (malloc) failed to allocate 480256 bytes for Chunk::new
# Possible reasons:
#   The system is out of physical RAM or swap space
#   In 32 bit mode, the process size limit was hit
# Possible solutions:
#   Reduce memory load on the system
#   Increase physical memory or swap space
#   Check if swap backing store is full
#   Use 64 bit Java on a 64 bit OS
#   Decrease Java heap size (-Xmx/-Xms)
#   Decrease number of Java threads
#   Decrease Java thread stack sizes (-Xss)
#   Set larger code cache with -XX:ReservedCodeCacheSize=
# This output file may be truncated or incomplete.
#
#  Out of Memory Error (allocation.cpp:390), pid=1236, tid=0x0000000000001c78
#
# JRE version: Java(TM) SE Runtime Environment (8.0_92-b14) (build 1.8.0_92-b14)
# Java VM: Java HotSpot(TM) 64-Bit Server VM (25.92-b14 mixed mode windows-amd64 compressed oops)
# Failed to write core dump. Minidumps are not enabled by default on client versions of Windows
#

---------------  T H R E A D  ---------------

Current thread (0x000000001565c000):  JavaThread "C2 CompilerThread0" daemon [_thread_in_native, id=7288, stack(0x0000000016bb0000,0x0000000016cb0000)]

Stack: [0x0000000016bb0000,0x0000000016cb0000]
[error occurred during error reporting (printing stack bounds), id 0xc0000005]

Native frames: (J=compiled Java code, j=interpreted, Vv=VM code, C=native code)


Current CompileTask:
C2:   2264 1058   !   4       com.android.dx.cf.code.Ropper::processBlock (1101 bytes)


---------------  P R O C E S S  ---------------

Java Threads: ( => current thread )
  0x000000001711a000 JavaThread "pool-2-thread-4" [_thread_blocked, id=2112, stack(0x00000000178b0000,0x00000000179b0000)]
  0x0000000017105000 JavaThread "pool-2-thread-3" [_thread_in_Java, id=3392, stack(0x00000000177b0000,0x00000000178b0000)]
  0x0000000016ff4800 JavaThread "pool-2-thread-2" [_thread_in_Java, id=3484, stack(0x00000000176b0000,0x00000000177b0000)]
  0x0000000016ff0800 JavaThread "pool-3-thread-1" [_thread_blocked, id=4300, stack(0x00000000175b0000,0x00000000176b0000)]
  0x0000000016fe8800 JavaThread "pool-2-thread-1" [_thread_in_Java, id=5284, stack(0x00000000174b0000,0x00000000175b0000)]
  0x0000000016eb2000 JavaThread "Service Thread" daemon [_thread_blocked, id=2956, stack(0x00000000172b0000,0x00000000173b0000)]
  0x00000000156be000 JavaThread "C1 CompilerThread2" daemon [_thread_in_native, id=7720, stack(0x0000000016db0000,0x0000000016eb0000)]
  0x00000000156b9800 JavaThread "C2 CompilerThread1" daemon [_thread_in_native, id=3528, stack(0x0000000016cb0000,0x0000000016db0000)]
=>0x000000001565c000 JavaThread "C2 CompilerThread0" daemon [_thread_in_native, id=7288, stack(0x0000000016bb0000,0x0000000016cb0000)]
  0x000000001565b000 JavaThread "Attach Listener" daemon [_thread_blocked, id=5408, stack(0x0000000016ab0000,0x0000000016bb0000)]
  0x0000000015659800 JavaThread "Signal Dispatcher" daemon [_thread_blocked, id=4700, stack(0x00000000169b0000,0x0000000016ab0000)]
  0x0000000002f84800 JavaThread "Finalizer" daemon [_thread_blocked, id=7192, stack(0x00000000168b0000,0x00000000169b0000)]
  0x0000000002f7f800 JavaThread "Reference Handler" daemon [_thread_blocked, id=5148, stack(0x00000000167b0000,0x00000000168b0000)]
  0x0000000002e91000 JavaThread "main" [_thread_blocked, id=3176, stack(0x0000000002d90000,0x0000000002e90000)]

Other Threads:
  0x0000000015628000 VMThread [stack: 0x00000000166b0000,0x00000000167b0000] [id=4548]
  0x0000000016ebd000 WatcherThread [stack: 0x00000000173b0000,0x00000000174b0000] [id=3128]

VM state:not at safepoint (normal execution)

VM Mutex/Monitor currently owned by a thread: None

Heap:
 PSYoungGen      total 28672K, used 14606K [0x00000000eab00000, 0x00000000ee300000, 0x0000000100000000)
  eden space 24576K, 42% used [0x00000000eab00000,0x00000000eb545550,0x00000000ec300000)
  from space 4096K, 99% used [0x00000000ec300000,0x00000000ec6fe690,0x00000000ec700000)
  to   space 4096K, 0% used [0x00000000edf00000,0x00000000edf00000,0x00000000ee300000)
 ParOldGen       total 65536K, used 3374K [0x00000000c0000000, 0x00000000c4000000, 0x00000000eab00000)
  object space 65536K, 5% used [0x00000000c0000000,0x00000000c034bab8,0x00000000c4000000)
 Metaspace       used 5724K, capacity 6832K, committed 7040K, reserved 1056768K
  class space    used 583K, capacity 616K, committed 640K, reserved 1048576K

Card table byte_map: [0x0000000012350000,0x0000000012560000] byte_map_base: 0x0000000011d50000

Marking Bits: (ParMarkBitMap*) 0x00000000716964f0
 Begin Bits: [0x0000000012ac0000, 0x0000000013ac0000)
 End Bits:   [0x0000000013ac0000, 0x0000000014ac0000)

Polling page: 0x0000000001150000

CodeCache: size=245760Kb used=4319Kb max_used=4319Kb free=241440Kb
 bounds [0x0000000002f90000, 0x00000000033d0000, 0x0000000011f90000]
 total_blobs=1321 nmethods=1059 adapters=175
 compilation: enabled

Compilation events (10 events):
Event: 2.200 Thread 0x00000000156be000 1069       3       com.android.dx.rop.code.Insn$BaseVisitor::visitThrowingCstInsn (1 bytes)
Event: 2.200 Thread 0x00000000156be000 nmethod 1069 0x00000000033a4850 code [0x00000000033a49a0, 0x00000000033a4af0]
Event: 2.200 Thread 0x00000000156be000 1051       1       java.util.concurrent.atomic.AtomicInteger::get (5 bytes)
Event: 2.200 Thread 0x00000000156be000 nmethod 1051 0x00000000033a4590 code [0x00000000033a46e0, 0x00000000033a47f0]
Event: 2.200 Thread 0x000000001565c000 nmethod 1068% 0x00000000033c36d0 code [0x00000000033c3820, 0x00000000033c39b8]
Event: 2.200 Thread 0x000000001565c000 1064       4       com.android.dx.rop.code.InsnList::forEach (28 bytes)
Event: 2.203 Thread 0x000000001565c000 nmethod 1064 0x00000000033c9050 code [0x00000000033c91a0, 0x00000000033c9318]
Event: 2.204 Thread 0x000000001565c000 1067       4       com.android.dx.ssa.SsaMethod::bitSetFromLabelList (47 bytes)
Event: 2.212 Thread 0x000000001565c000 nmethod 1067 0x00000000033c6fd0 code [0x00000000033c7140, 0x00000000033c75e8]
Event: 2.212 Thread 0x000000001565c000 1058   !   4       com.android.dx.cf.code.Ropper::processBlock (1101 bytes)

GC Heap History (2 events):
Event: 1.954 GC heap before
{Heap before GC invocations=1 (full 0):
 PSYoungGen      total 28672K, used 24576K [0x00000000eab00000, 0x00000000ecb00000, 0x0000000100000000)
  eden space 24576K, 100% used [0x00000000eab00000,0x00000000ec300000,0x00000000ec300000)
  from space 4096K, 0% used [0x00000000ec700000,0x00000000ec700000,0x00000000ecb00000)
  to   space 4096K, 0% used [0x00000000ec300000,0x00000000ec300000,0x00000000ec700000)
 ParOldGen       total 65536K, used 0K [0x00000000c0000000, 0x00000000c4000000, 0x00000000eab00000)
  object space 65536K, 0% used [0x00000000c0000000,0x00000000c0000000,0x00000000c4000000)
 Metaspace       used 5699K, capacity 6832K, committed 7040K, reserved 1056768K
  class space    used 581K, capacity 616K, committed 640K, reserved 1048576K
Event: 2.038 GC heap after
Heap after GC invocations=1 (full 0):
 PSYoungGen      total 28672K, used 4089K [0x00000000eab00000, 0x00000000ee300000, 0x0000000100000000)
  eden space 24576K, 0% used [0x00000000eab00000,0x00000000eab00000,0x00000000ec300000)
  from space 4096K, 99% used [0x00000000ec300000,0x00000000ec6fe690,0x00000000ec700000)
  to   space 4096K, 0% used [0x00000000edf00000,0x00000000edf00000,0x00000000ee300000)
 ParOldGen       total 65536K, used 3374K [0x00000000c0000000, 0x00000000c4000000, 0x00000000eab00000)
  object space 65536K, 5% used [0x00000000c0000000,0x00000000c034bab8,0x00000000c4000000)
 Metaspace       used 5699K, capacity 6832K, committed 7040K, reserved 1056768K
  class space    used 581K, capacity 616K, committed 640K, reserved 1048576K
}

Deoptimization events (7 events):
Event: 1.118 Thread 0x000000001711a000 Uncommon trap: reason=unstable_if action=reinterpret pc=0x00000000031767c0 method=java.util.HashMap.getNode(ILjava/lang/Object;)Ljava/util/HashMap$Node; @ 62
Event: 1.252 Thread 0x0000000017105000 Uncommon trap: reason=unstable_if action=reinterpret pc=0x000000000321a090 method=com.android.dx.rop.code.RegisterSpec.equals(ILcom/android/dx/rop/type/TypeBearer;Lcom/android/dx/rop/code/LocalItem;)Z @ 16
Event: 1.409 Thread 0x000000001711a000 Uncommon trap: reason=unstable_if action=reinterpret pc=0x00000000032ebdcc method=com.android.dx.rop.code.RegisterSpecSet.put(Lcom/android/dx/rop/code/RegisterSpec;)V @ 77
Event: 1.411 Thread 0x000000001711a000 Uncommon trap: reason=class_check action=maybe_recompile pc=0x000000000328e710 method=com.android.dx.ssa.NormalSsaInsn.accept(Lcom/android/dx/ssa/SsaInsn$Visitor;)V @ 9
Event: 1.411 Thread 0x000000001711a000 Uncommon trap: reason=class_check action=maybe_recompile pc=0x000000000328e710 method=com.android.dx.ssa.NormalSsaInsn.accept(Lcom/android/dx/ssa/SsaInsn$Visitor;)V @ 9
Event: 1.411 Thread 0x000000001711a000 Uncommon trap: reason=class_check action=maybe_recompile pc=0x000000000328e710 method=com.android.dx.ssa.NormalSsaInsn.accept(Lcom/android/dx/ssa/SsaInsn$Visitor;)V @ 9
Event: 1.412 Thread 0x000000001711a000 Uncommon trap: reason=class_check action=maybe_recompile pc=0x000000000328e710 method=com.android.dx.ssa.NormalSsaInsn.accept(Lcom/android/dx/ssa/SsaInsn$Visitor;)V @ 9

Internal exceptions (2 events):
Event: 0.135 Thread 0x0000000002e91000 Exception <a 'java/lang/NoSuchMethodError': Method sun.misc.Unsafe.defineClass(Ljava/lang/String;[BII)Ljava/lang/Class; name or signature does not match> (0x00000000eab07cc0) thrown at [D:\re\workspace\8-2-build-windows-amd64-cygwin\jdk8u92\6642\hotspot\sr—9•ZCÁ?
Event: 0.135 Thread 0x0000000002e91000 Exception <a 'java/lang/NoSuchMethodError': Method sun.misc.Unsafe.prefetchRead(Ljava/lang/Object;J)V name or signature does not match> (0x00000000eab07fa8) thrown at [D:\re\workspace\8-2-build-windows-amd64-cygwin\jdk8u92\6642\hotspot\src\share\vm\prims\j

Events (10 events):
Event: 1.679 loading class java/util/TreeMap$EntrySet
Event: 1.679 loading class java/util/TreeMap$EntrySet done
Event: 1.679 loading class java/util/TreeMap$EntryIterator
Event: 1.679 loading class java/util/TreeMap$EntryIterator done
Event: 1.688 Executing VM operation: ParallelGCFailedAllocation
Event: 2.038 Executing VM operation: ParallelGCFailedAllocation done
Event: 2.105 loading class java/util/HashMap$KeySet
Event: 2.105 loading class java/util/HashMap$KeySet done
Event: 2.105 loading class java/util/HashMap$KeyIterator
Event: 2.105 loading class java/util/HashMap$KeyIterator done


Dynamic libraries:
0x00007ff74e6d0000 - 0x00007ff74e707000 	C:\Program Files\Java\jdk1.8.0_92\bin\java.exe
0x00007ffb391f0000 - 0x00007ffb393b1000 	C:\Windows\SYSTEM32\ntdll.dll
0x00007ffb36bc0000 - 0x00007ffb36c6d000 	C:\Windows\system32\KERNEL32.DLL
0x00007ffb35ae0000 - 0x00007ffb35cc8000 	C:\Windows\system32\KERNELBASE.dll
0x00007ffb371b0000 - 0x00007ffb37257000 	C:\Windows\system32\ADVAPI32.dll
0x00007ffb37110000 - 0x00007ffb371ad000 	C:\Windows\system32\msvcrt.dll
0x00007ffb36a00000 - 0x00007ffb36a5b000 	C:\Windows\system32\sechost.dll
0x00007ffb38f40000 - 0x00007ffb3905c000 	C:\Windows\system32\RPCRT4.dll
0x00007ffb36e90000 - 0x00007ffb36fe6000 	C:\Windows\system32\USER32.dll
0x00007ffb39060000 - 0x00007ffb391e6000 	C:\Windows\system32\GDI32.dll
0x00007ffb29060000 - 0x00007ffb292d4000 	C:\Windows\WinSxS\amd64_microsoft.windows.common-controls_6595b64144ccf1df_6.0.10586.672_none_a2d6b3cea53ff843\COMCTL32.dll
0x00007ffb36780000 - 0x00007ffb369fd000 	C:\Windows\system32\combase.dll
0x00007ffb35cd0000 - 0x00007ffb35d3a000 	C:\Windows\system32\bcryptPrimitives.dll
0x00007ffb36610000 - 0x00007ffb3664b000 	C:\Windows\system32\IMM32.DLL
0x0000000070320000 - 0x00000000703f2000 	C:\Program Files\Java\jdk1.8.0_92\jre\bin\msvcr100.dll
0x0000000070e80000 - 0x0000000071716000 	C:\Program Files\Java\jdk1.8.0_92\jre\bin\server\jvm.dll
0x00007ffb36d30000 - 0x00007ffb36d38000 	C:\Windows\system32\PSAPI.DLL
0x00007ffb2ab60000 - 0x00007ffb2ab69000 	C:\Windows\SYSTEM32\WSOCK32.dll
0x00007ffb38aa0000 - 0x00007ffb38b0b000 	C:\Windows\system32\WS2_32.dll
0x00007ffb33f40000 - 0x00007ffb33f63000 	C:\Windows\SYSTEM32\WINMM.dll
0x00007ffb29820000 - 0x00007ffb2982a000 	C:\Windows\SYSTEM32\VERSION.dll
0x00007ffb33ee0000 - 0x00007ffb33f0c000 	C:\Windows\SYSTEM32\WINMMBASE.dll
0x00007ffb35a70000 - 0x00007ffb35ab3000 	C:\Windows\system32\cfgmgr32.dll
0x0000000070d70000 - 0x0000000070d7f000 	C:\Program Files\Java\jdk1.8.0_92\jre\bin\verify.dll
0x0000000070d40000 - 0x0000000070d69000 	C:\Program Files\Java\jdk1.8.0_92\jre\bin\java.dll
0x0000000070d20000 - 0x0000000070d36000 	C:\Program Files\Java\jdk1.8.0_92\jre\bin\zip.dll
0x00007ffb37330000 - 0x00007ffb3888c000 	C:\Windows\system32\SHELL32.dll
0x00007ffb35fa0000 - 0x00007ffb365e5000 	C:\Windows\system32\windows.storage.dll
0x00007ffb36c70000 - 0x00007ffb36cc2000 	C:\Windows\system32\shlwapi.dll
0x00007ffb35840000 - 0x00007ffb3584f000 	C:\Windows\system32\kernel.appcore.dll
0x00007ffb35900000 - 0x00007ffb359b5000 	C:\Windows\system32\shcore.dll
0x00007ffb35850000 - 0x00007ffb3589b000 	C:\Windows\system32\powrprof.dll
0x00007ffb35810000 - 0x00007ffb35824000 	C:\Windows\system32\profapi.dll

VM Arguments:
jvm_args: -Djava.awt.headless=true -Xmx1024M -Dfile.encoding=windows-1252 -Duser.country=GB -Duser.language=en -Duser.variant 
java_command: com.android.dx.command.Main --dex --force-jumbo --num-threads=4 --multi-dex --output C:\Users\Edgaras\Desktop\Mokslai\Projects\Android Projects\SpaceShooter\app\build\intermediates\transforms\dex\debug\folders\1000\5\slice_5 C:\Users\Edgaras\Desktop\Mokslai\Projects\Android Projects\SpaceShooter\app\build\intermediates\transforms\instantRunSlicer\debug\folders\1\5\slice_5
java_class_path (initial): C:\Users\Edgaras\AppData\Local\Android\sdk\build-tools\24.0.0\lib\dx.jar
Launcher Type: SUN_STANDARD

Environment Variables:
PATH=C:\ProgramData\Oracle\Java\javapath;C:\Windows\system32;C:\Windows;C:\Windows\System32\Wbem;C:\Windows\System32\WindowsPowerShell\v1.0\;C:\Program Files (x86)\MySQL\MySQL Fabric 1.5 & MySQL Utilities 1.5\;C:\Program Files (x86)\MySQL\MySQL Fabric 1.5 & MySQL Utilities 1.5\Doctrine extensions for PHP\;C:\Program Files\Microsoft SQL Server\130\Tools\Binn\;C:\Program Files\nodejs\;C:\Windows\system32\config\systemprofile\.dnx\bin;C:\Program Files\Microsoft DNX\Dnvm\;C:\Users\Edgaras\AppData\Local\Android\Sdk\tools;C:\Users\Edgaras\AppData\Local\Android\Sdk\platform-tools;C:\Users\Edgaras\AppData\Roaming\npm
USERNAME=Edgaras
OS=Windows_NT
PROCESSOR_IDENTIFIER=Intel64 Family 6 Model 61 Stepping 4, GenuineIntel



---------------  S Y S T E M  ---------------

OS: Windows 10.0 , 64 bit Build 10586 (10.0.10586.589)

CPU:total 4 (2 cores per cpu, 2 threads per core) family 6 model 61 stepping 4, cmov, cx8, fxsr, mmx, sse, sse2, sse3, ssse3, sse4.1, sse4.2, popcnt, avx, avx2, aes, clmul, erms, 3dnowpref, lzcnt, ht, tsc, tscinvbit, bmi1, bmi2, adx

Memory: 4k page, physical 6204428k(608192k free), swap 8063320k(4296k free)

vm_info: Java HotSpot(TM) 64-Bit Server VM (25.92-b14) for windows-amd64 JRE (1.8.0_92-b14), built on Mar 31 2016 21:03:04 by "java_re" with MS VC++ 10.0 (VS2010)

time: Mon Dec 05 13:30:22 2016
elapsed time: 2 seconds (0d 0h 0m 2s)

