#
# There is insufficient memory for the Java Runtime Environment to continue.
# Native memory allocation (malloc) failed to allocate 491776 bytes for Chunk::new
# Possible reasons:
#   The system is out of physical RAM or swap space
#   In 32 bit mode, the process size limit was hit
# Possible solutions:
#   Reduce memory load on the system
#   Increase physical memory or swap space
#   Check if swap backing store is full
#   Use 64 bit Java on a 64 bit OS
#   Decrease Java heap size (-Xmx/-Xms)
#   Decrease number of Java threads
#   Decrease Java thread stack sizes (-Xss)
#   Set larger code cache with -XX:ReservedCodeCacheSize=
# This output file may be truncated or incomplete.
#
#  Out of Memory Error (allocation.cpp:390), pid=7912, tid=0x0000000000001758
#
# JRE version: Java(TM) SE Runtime Environment (8.0_92-b14) (build 1.8.0_92-b14)
# Java VM: Java HotSpot(TM) 64-Bit Server VM (25.92-b14 mixed mode windows-amd64 compressed oops)
# Failed to write core dump. Minidumps are not enabled by default on client versions of Windows
#

---------------  T H R E A D  ---------------

Current thread (0x0000000015670000):  JavaThread "C2 CompilerThread1" daemon [_thread_in_native, id=5976, stack(0x0000000016db0000,0x0000000016eb0000)]

Stack: [0x0000000016db0000,0x0000000016eb0000]
[error occurred during error reporting (printing stack bounds), id 0xc0000005]

Native frames: (J=compiled Java code, j=interpreted, Vv=VM code, C=native code)


Current CompileTask:
C2:   1956 1590       4       com.android.dx.ssa.LocalVariableExtractor::processBlock (383 bytes)


---------------  P R O C E S S  ---------------

Java Threads: ( => current thread )
  0x0000000017258800 JavaThread "pool-2-thread-4" [_thread_in_Java, id=3924, stack(0x00000000179b0000,0x0000000017ab0000)]
  0x0000000017250800 JavaThread "pool-2-thread-3" [_thread_in_vm, id=9872, stack(0x00000000178b0000,0x00000000179b0000)]
  0x000000001721f800 JavaThread "pool-2-thread-2" [_thread_in_Java, id=9128, stack(0x00000000177b0000,0x00000000178b0000)]
  0x0000000017215800 JavaThread "pool-3-thread-1" [_thread_blocked, id=9452, stack(0x00000000176b0000,0x00000000177b0000)]
  0x0000000017214800 JavaThread "pool-2-thread-1" [_thread_in_Java, id=4412, stack(0x00000000175b0000,0x00000000176b0000)]
  0x0000000016fb6000 JavaThread "Service Thread" daemon [_thread_blocked, id=10156, stack(0x00000000173b0000,0x00000000174b0000)]
  0x00000000156ce000 JavaThread "C1 CompilerThread2" daemon [_thread_blocked, id=8324, stack(0x0000000016eb0000,0x0000000016fb0000)]
=>0x0000000015670000 JavaThread "C2 CompilerThread1" daemon [_thread_in_native, id=5976, stack(0x0000000016db0000,0x0000000016eb0000)]
  0x000000001566c000 JavaThread "C2 CompilerThread0" daemon [_thread_in_native, id=7016, stack(0x0000000016cb0000,0x0000000016db0000)]
  0x000000001566a800 JavaThread "Attach Listener" daemon [_thread_blocked, id=9844, stack(0x0000000016bb0000,0x0000000016cb0000)]
  0x0000000015669800 JavaThread "Signal Dispatcher" daemon [_thread_blocked, id=6200, stack(0x0000000016ab0000,0x0000000016bb0000)]
  0x000000001565a000 JavaThread "Finalizer" daemon [_thread_blocked, id=2296, stack(0x00000000168d0000,0x00000000169d0000)]
  0x0000000002eb0000 JavaThread "Reference Handler" daemon [_thread_blocked, id=6272, stack(0x00000000167d0000,0x00000000168d0000)]
  0x0000000002dc1000 JavaThread "main" [_thread_in_vm, id=8632, stack(0x0000000002c70000,0x0000000002d70000)]

Other Threads:
  0x0000000015637800 VMThread [stack: 0x00000000166d0000,0x00000000167d0000] [id=5624]
  0x0000000016fc9000 WatcherThread [stack: 0x00000000174b0000,0x00000000175b0000] [id=1776]

VM state:not at safepoint (normal execution)

VM Mutex/Monitor currently owned by a thread: None

Heap:
 PSYoungGen      total 28672K, used 27477K [0x00000000eab00000, 0x00000000ee300000, 0x0000000100000000)
  eden space 24576K, 95% used [0x00000000eab00000,0x00000000ec1d5c58,0x00000000ec300000)
  from space 4096K, 99% used [0x00000000ec300000,0x00000000ec6ff7d0,0x00000000ec700000)
  to   space 4096K, 0% used [0x00000000edf00000,0x00000000edf00000,0x00000000ee300000)
 ParOldGen       total 65536K, used 8004K [0x00000000c0000000, 0x00000000c4000000, 0x00000000eab00000)
  object space 65536K, 12% used [0x00000000c0000000,0x00000000c07d1068,0x00000000c4000000)
 Metaspace       used 6345K, capacity 7128K, committed 7424K, reserved 1056768K
  class space    used 625K, capacity 656K, committed 768K, reserved 1048576K

Card table byte_map: [0x0000000012360000,0x0000000012570000] byte_map_base: 0x0000000011d60000

Marking Bits: (ParMarkBitMap*) 0x00000000779764f0
 Begin Bits: [0x0000000012ad0000, 0x0000000013ad0000)
 End Bits:   [0x0000000013ad0000, 0x0000000014ad0000)

Polling page: 0x0000000000df0000

CodeCache: size=245760Kb used=6368Kb max_used=6368Kb free=239391Kb
 bounds [0x0000000002fa0000, 0x00000000035e0000, 0x0000000011fa0000]
 total_blobs=1881 nmethods=1612 adapters=182
 compilation: enabled

Compilation events (10 events):
Event: 1.944 Thread 0x00000000156ce000 1630       2       com.android.dx.dex.code.OutputFinisher::<init> (48 bytes)
Event: 1.945 Thread 0x00000000156ce000 nmethod 1630 0x00000000035da650 code [0x00000000035da7c0, 0x00000000035da9e8]
Event: 1.945 Thread 0x00000000156ce000 1629       2       com.android.dx.dex.code.RopTranslator::translateAndGetResult (48 bytes)
Event: 1.945 Thread 0x00000000156ce000 nmethod 1629 0x00000000035daad0 code [0x00000000035dac80, 0x00000000035db018]
Event: 1.945 Thread 0x00000000156ce000 1619       2       com.android.dx.cf.code.BasicBlocker::identifyBlocks (18 bytes)
Event: 1.945 Thread 0x00000000156ce000 nmethod 1619 0x00000000035db290 code [0x00000000035db400, 0x00000000035db5e8]
Event: 1.945 Thread 0x00000000156ce000 1631       2       com.android.dx.dex.code.OutputFinisher::hasLocalInfo (20 bytes)
Event: 1.946 Thread 0x00000000156ce000 nmethod 1631 0x00000000035db6d0 code [0x00000000035db820, 0x00000000035db990]
Event: 1.948 Thread 0x00000000156ce000 1633       2       com.android.dx.rop.code.CstInsn::contentEquals (31 bytes)
Event: 1.948 Thread 0x00000000156ce000 nmethod 1633 0x00000000035dba50 code [0x00000000035dbbc0, 0x00000000035dbdd8]

GC Heap History (6 events):
Event: 1.212 GC heap before
{Heap before GC invocations=1 (full 0):
 PSYoungGen      total 28672K, used 24576K [0x00000000eab00000, 0x00000000ecb00000, 0x0000000100000000)
  eden space 24576K, 100% used [0x00000000eab00000,0x00000000ec300000,0x00000000ec300000)
  from space 4096K, 0% used [0x00000000ec700000,0x00000000ec700000,0x00000000ecb00000)
  to   space 4096K, 0% used [0x00000000ec300000,0x00000000ec300000,0x00000000ec700000)
 ParOldGen       total 65536K, used 0K [0x00000000c0000000, 0x00000000c4000000, 0x00000000eab00000)
  object space 65536K, 0% used [0x00000000c0000000,0x00000000c0000000,0x00000000c4000000)
 Metaspace       used 5901K, capacity 6834K, committed 7040K, reserved 1056768K
  class space    used 600K, capacity 618K, committed 640K, reserved 1048576K
Event: 1.219 GC heap after
Heap after GC invocations=1 (full 0):
 PSYoungGen      total 28672K, used 4073K [0x00000000eab00000, 0x00000000ecb00000, 0x0000000100000000)
  eden space 24576K, 0% used [0x00000000eab00000,0x00000000eab00000,0x00000000ec300000)
  from space 4096K, 99% used [0x00000000ec300000,0x00000000ec6fa470,0x00000000ec700000)
  to   space 4096K, 0% used [0x00000000ec700000,0x00000000ec700000,0x00000000ecb00000)
 ParOldGen       total 65536K, used 1078K [0x00000000c0000000, 0x00000000c4000000, 0x00000000eab00000)
  object space 65536K, 1% used [0x00000000c0000000,0x00000000c010d870,0x00000000c4000000)
 Metaspace       used 5901K, capacity 6834K, committed 7040K, reserved 1056768K
  class space    used 600K, capacity 618K, committed 640K, reserved 1048576K
}
Event: 1.542 GC heap before
{Heap before GC invocations=2 (full 0):
 PSYoungGen      total 28672K, used 28649K [0x00000000eab00000, 0x00000000ecb00000, 0x0000000100000000)
  eden space 24576K, 100% used [0x00000000eab00000,0x00000000ec300000,0x00000000ec300000)
  from space 4096K, 99% used [0x00000000ec300000,0x00000000ec6fa470,0x00000000ec700000)
  to   space 4096K, 0% used [0x00000000ec700000,0x00000000ec700000,0x00000000ecb00000)
 ParOldGen       total 65536K, used 1078K [0x00000000c0000000, 0x00000000c4000000, 0x00000000eab00000)
  object space 65536K, 1% used [0x00000000c0000000,0x00000000c010d870,0x00000000c4000000)
 Metaspace       used 6114K, capacity 7026K, committed 7296K, reserved 1056768K
  class space    used 601K, capacity 618K, committed 640K, reserved 1048576K
Event: 1.553 GC heap after
Heap after GC invocations=2 (full 0):
 PSYoungGen      total 28672K, used 4076K [0x00000000eab00000, 0x00000000ee300000, 0x0000000100000000)
  eden space 24576K, 0% used [0x00000000eab00000,0x00000000eab00000,0x00000000ec300000)
  from space 4096K, 99% used [0x00000000ec700000,0x00000000ecafb1c0,0x00000000ecb00000)
  to   space 4096K, 0% used [0x00000000ec300000,0x00000000ec300000,0x00000000ec700000)
 ParOldGen       total 65536K, used 4189K [0x00000000c0000000, 0x00000000c4000000, 0x00000000eab00000)
  object space 65536K, 6% used [0x00000000c0000000,0x00000000c04177a0,0x00000000c4000000)
 Metaspace       used 6114K, capacity 7026K, committed 7296K, reserved 1056768K
  class space    used 601K, capacity 618K, committed 640K, reserved 1048576K
}
Event: 1.755 GC heap before
{Heap before GC invocations=3 (full 0):
 PSYoungGen      total 28672K, used 28652K [0x00000000eab00000, 0x00000000ee300000, 0x0000000100000000)
  eden space 24576K, 100% used [0x00000000eab00000,0x00000000ec300000,0x00000000ec300000)
  from space 4096K, 99% used [0x00000000ec700000,0x00000000ecafb1c0,0x00000000ecb00000)
  to   space 4096K, 0% used [0x00000000ec300000,0x00000000ec300000,0x00000000ec700000)
 ParOldGen       total 65536K, used 4189K [0x00000000c0000000, 0x00000000c4000000, 0x00000000eab00000)
  object space 65536K, 6% used [0x00000000c0000000,0x00000000c04177a0,0x00000000c4000000)
 Metaspace       used 6189K, capacity 7090K, committed 7296K, reserved 1056768K
  class space    used 604K, capacity 618K, committed 640K, reserved 1048576K
Event: 1.779 GC heap after
Heap after GC invocations=3 (full 0):
 PSYoungGen      total 28672K, used 4093K [0x00000000eab00000, 0x00000000ee300000, 0x0000000100000000)
  eden space 24576K, 0% used [0x00000000eab00000,0x00000000eab00000,0x00000000ec300000)
  from space 4096K, 99% used [0x00000000ec300000,0x00000000ec6ff7d0,0x00000000ec700000)
  to   space 4096K, 0% used [0x00000000edf00000,0x00000000edf00000,0x00000000ee300000)
 ParOldGen       total 65536K, used 8004K [0x00000000c0000000, 0x00000000c4000000, 0x00000000eab00000)
  object space 65536K, 12% used [0x00000000c0000000,0x00000000c07d1068,0x00000000c4000000)
 Metaspace       used 6189K, capacity 7090K, committed 7296K, reserved 1056768K
  class space    used 604K, capacity 618K, committed 640K, reserved 1048576K
}

Deoptimization events (10 events):
Event: 1.378 Thread 0x0000000017214800 Uncommon trap: reason=bimorphic action=maybe_recompile pc=0x000000000319af68 method=java.util.HashMap.getNode(ILjava/lang/Object;)Ljava/util/HashMap$Node; @ 126
Event: 1.378 Thread 0x0000000017214800 Uncommon trap: reason=bimorphic action=maybe_recompile pc=0x000000000319af68 method=java.util.HashMap.getNode(ILjava/lang/Object;)Ljava/util/HashMap$Node; @ 126
Event: 1.378 Thread 0x0000000017214800 Uncommon trap: reason=bimorphic action=maybe_recompile pc=0x000000000319b7e8 method=java.util.HashMap.getNode(ILjava/lang/Object;)Ljava/util/HashMap$Node; @ 126
Event: 1.473 Thread 0x000000001721f800 Uncommon trap: reason=uninitialized action=reinterpret pc=0x00000000034db7e0 method=com.android.dx.cf.code.BytecodeArray.parseInstruction(ILcom/android/dx/cf/code/BytecodeArray$Visitor;)I @ 1031
Event: 1.788 Thread 0x0000000017258800 Uncommon trap: reason=null_check action=make_not_entrant pc=0x00000000032973ac method=com.android.dx.ssa.SsaRenamer.getLocalForNewReg(I)Lcom/android/dx/rop/code/LocalItem; @ 19
Event: 1.799 Thread 0x000000001721f800 Uncommon trap: reason=unstable_if action=reinterpret pc=0x0000000003330410 method=java.util.HashMap.putVal(ILjava/lang/Object;Ljava/lang/Object;ZZ)Ljava/lang/Object; @ 162
Event: 1.809 Thread 0x000000001721f800 Uncommon trap: reason=unstable_if action=reinterpret pc=0x000000000350fc10 method=java.util.HashMap.getNode(ILjava/lang/Object;)Ljava/util/HashMap$Node; @ 84
Event: 1.817 Thread 0x000000001721f800 Uncommon trap: reason=unstable_if action=reinterpret pc=0x000000000352fdd0 method=java.util.HashMap.getNode(ILjava/lang/Object;)Ljava/util/HashMap$Node; @ 84
Event: 1.903 Thread 0x000000001721f800 Uncommon trap: reason=unstable_if action=reinterpret pc=0x00000000033c40fc method=com.android.dx.util.IntList.binarysearch(I)I @ 105
Event: 1.908 Thread 0x000000001721f800 Uncommon trap: reason=unstable_if action=reinterpret pc=0x0000000003230498 method=java.util.HashMap.putVal(ILjava/lang/Object;Ljava/lang/Object;ZZ)Ljava/lang/Object; @ 162

Internal exceptions (7 events):
Event: 0.135 Thread 0x0000000002dc1000 Exception <a 'java/lang/NoSuchMethodError': Method sun.misc.Unsafe.defineClass(Ljava/lang/String;[BII)Ljava/lang/Class; name or signature does not match> (0x00000000eab07cc0) thrown at [D:\re\workspace\8-2-build-windows-amd64-cygwin\jdk8u92\6642\hotspot\srŽÊ=  CÁ?
Event: 0.135 Thread 0x0000000002dc1000 Exception <a 'java/lang/NoSuchMethodError': Method sun.misc.Unsafe.prefetchRead(Ljava/lang/Object;J)V name or signature does not match> (0x00000000eab07fa8) thrown at [D:\re\workspace\8-2-build-windows-amd64-cygwin\jdk8u92\6642\hotspot\src\share\vm\prims\j±ÂWLÞ–ò?
Event: 1.162 Thread 0x0000000017214800 Implicit null exception at 0x000000000325fba2 to 0x000000000325fc9a
Event: 1.788 Thread 0x0000000017258800 Implicit null exception at 0x0000000003295810 to 0x0000000003297365
Event: 1.806 Thread 0x000000001721f800 Exception <a 'java/lang/ArrayIndexOutOfBoundsException': 18> (0x00000000eb09d550) thrown at [D:\re\workspace\8-2-build-windows-amd64-cygwin\jdk8u92\6642\hotspot\src\share\vm\interpreter\interpreterRuntime.cpp, line 366]
Event: 1.807 Thread 0x000000001721f800 Exception <a 'java/lang/ArrayIndexOutOfBoundsException'> (0x00000000eb09f0d0) thrown at [D:\re\workspace\8-2-build-windows-amd64-cygwin\jdk8u92\6642\hotspot\src\share\vm\runtime\sharedRuntime.cpp, line 605]
Event: 1.809 Thread 0x000000001721f800 Exception <a 'java/lang/ArrayIndexOutOfBoundsException'> (0x00000000eb0a03b8) thrown at [D:\re\workspace\8-2-build-windows-amd64-cygwin\jdk8u92\6642\hotspot\src\share\vm\runtime\sharedRuntime.cpp, line 605]

Events (10 events):
Event: 1.817 Thread 0x000000001721f800 DEOPT PACKING pc=0x000000000352fdd0 sp=0x00000000178ae460
Event: 1.817 Thread 0x000000001721f800 DEOPT UNPACKING pc=0x0000000002fe582a sp=0x00000000178ae3d8 mode 2
Event: 1.841 Thread 0x0000000017250800 DEOPT PACKING pc=0x0000000003341a04 sp=0x00000000179aec50
Event: 1.841 Thread 0x0000000017250800 DEOPT UNPACKING pc=0x0000000002fe787f sp=0x00000000179aea18 mode 0
Event: 1.903 Thread 0x000000001721f800 Uncommon trap: trap_request=0xffffff65 fr.pc=0x00000000033c40fc
Event: 1.903 Thread 0x000000001721f800 DEOPT PACKING pc=0x00000000033c40fc sp=0x00000000178ae7b0
Event: 1.903 Thread 0x000000001721f800 DEOPT UNPACKING pc=0x0000000002fe582a sp=0x00000000178ae728 mode 2
Event: 1.908 Thread 0x000000001721f800 Uncommon trap: trap_request=0xffffff65 fr.pc=0x0000000003230498
Event: 1.908 Thread 0x000000001721f800 DEOPT PACKING pc=0x0000000003230498 sp=0x00000000178ae6c0
Event: 1.908 Thread 0x000000001721f800 DEOPT UNPACKING pc=0x0000000002fe582a sp=0x00000000178ae408 mode 2


Dynamic libraries:
0x00007ff794870000 - 0x00007ff7948a7000 	C:\Program Files\Java\jdk1.8.0_92\bin\java.exe
0x00007ffab1290000 - 0x00007ffab1451000 	C:\Windows\SYSTEM32\ntdll.dll
0x00007ffab1170000 - 0x00007ffab121d000 	C:\Windows\system32\KERNEL32.DLL
0x00007ffaada50000 - 0x00007ffaadc38000 	C:\Windows\system32\KERNELBASE.dll
0x00007ffab09e0000 - 0x00007ffab0a87000 	C:\Windows\system32\ADVAPI32.dll
0x00007ffab06c0000 - 0x00007ffab075d000 	C:\Windows\system32\msvcrt.dll
0x00007ffaae690000 - 0x00007ffaae6eb000 	C:\Windows\system32\sechost.dll
0x00007ffab0340000 - 0x00007ffab045c000 	C:\Windows\system32\RPCRT4.dll
0x00007ffab0ed0000 - 0x00007ffab1026000 	C:\Windows\system32\USER32.dll
0x00007ffaae910000 - 0x00007ffaaea96000 	C:\Windows\system32\GDI32.dll
0x00007ffaa1440000 - 0x00007ffaa16b4000 	C:\Windows\WinSxS\amd64_microsoft.windows.common-controls_6595b64144ccf1df_6.0.10586.672_none_a2d6b3cea53ff843\COMCTL32.dll
0x00007ffab0760000 - 0x00007ffab09dd000 	C:\Windows\system32\combase.dll
0x00007ffaae620000 - 0x00007ffaae68a000 	C:\Windows\system32\bcryptPrimitives.dll
0x00007ffab0460000 - 0x00007ffab049b000 	C:\Windows\system32\IMM32.DLL
0x0000000076c10000 - 0x0000000076ce2000 	C:\Program Files\Java\jdk1.8.0_92\jre\bin\msvcr100.dll
0x0000000077160000 - 0x00000000779f6000 	C:\Program Files\Java\jdk1.8.0_92\jre\bin\server\jvm.dll
0x00007ffab06b0000 - 0x00007ffab06b8000 	C:\Windows\system32\PSAPI.DLL
0x00007ffaa0040000 - 0x00007ffaa0049000 	C:\Windows\SYSTEM32\WSOCK32.dll
0x00007ffab1100000 - 0x00007ffab116b000 	C:\Windows\system32\WS2_32.dll
0x00007ffaab1d0000 - 0x00007ffaab1f3000 	C:\Windows\SYSTEM32\WINMM.dll
0x00007ffaa1820000 - 0x00007ffaa182a000 	C:\Windows\SYSTEM32\VERSION.dll
0x00007ffaab170000 - 0x00007ffaab19c000 	C:\Windows\SYSTEM32\WINMMBASE.dll
0x00007ffaadd00000 - 0x00007ffaadd43000 	C:\Windows\system32\cfgmgr32.dll
0x0000000050010000 - 0x000000005001f000 	C:\Program Files\Java\jdk1.8.0_92\jre\bin\verify.dll
0x0000000077050000 - 0x0000000077079000 	C:\Program Files\Java\jdk1.8.0_92\jre\bin\java.dll
0x0000000077030000 - 0x0000000077046000 	C:\Program Files\Java\jdk1.8.0_92\jre\bin\zip.dll
0x00007ffaaead0000 - 0x00007ffab002c000 	C:\Windows\system32\SHELL32.dll
0x00007ffaadfd0000 - 0x00007ffaae615000 	C:\Windows\system32\windows.storage.dll
0x00007ffab0500000 - 0x00007ffab0552000 	C:\Windows\system32\shlwapi.dll
0x00007ffaad8e0000 - 0x00007ffaad8ef000 	C:\Windows\system32\kernel.appcore.dll
0x00007ffaadc40000 - 0x00007ffaadcf5000 	C:\Windows\system32\shcore.dll
0x00007ffaad8f0000 - 0x00007ffaad93b000 	C:\Windows\system32\powrprof.dll
0x00007ffaad8b0000 - 0x00007ffaad8c4000 	C:\Windows\system32\profapi.dll

VM Arguments:
jvm_args: -Djava.awt.headless=true -Xmx1024M -Dfile.encoding=windows-1252 -Duser.country=GB -Duser.language=en -Duser.variant 
java_command: com.android.dx.command.Main --dex --force-jumbo --num-threads=4 --multi-dex --output C:\Users\Edgaras\Desktop\Mokslai\Projects\Android Projects\SpaceShooter\app\build\intermediates\transforms\dex\debug\folders\1000\10\com.android.support-recyclerview-v7-24.1.0_210d0ef9a354b3f59f82e498b064b935ac88fa32 C:\Users\Edgaras\Desktop\Mokslai\Projects\Android Projects\SpaceShooter\app\build\intermediates\exploded-aar\com.android.support\recyclerview-v7\24.1.0\jars\classes.jar
java_class_path (initial): C:\Users\Edgaras\AppData\Local\Android\sdk\build-tools\24.0.0\lib\dx.jar
Launcher Type: SUN_STANDARD

Environment Variables:
PATH=C:\ProgramData\Oracle\Java\javapath;C:\Windows\system32;C:\Windows;C:\Windows\System32\Wbem;C:\Windows\System32\WindowsPowerShell\v1.0\;C:\Program Files (x86)\MySQL\MySQL Fabric 1.5 & MySQL Utilities 1.5\;C:\Program Files (x86)\MySQL\MySQL Fabric 1.5 & MySQL Utilities 1.5\Doctrine extensions for PHP\;C:\Program Files\Microsoft SQL Server\130\Tools\Binn\;C:\Program Files\nodejs\;C:\Windows\system32\config\systemprofile\.dnx\bin;C:\Program Files\Microsoft DNX\Dnvm\;C:\Users\Edgaras\AppData\Local\Android\Sdk\tools;C:\Users\Edgaras\AppData\Local\Android\Sdk\platform-tools;C:\Users\Edgaras\AppData\Roaming\npm
USERNAME=Edgaras
OS=Windows_NT
PROCESSOR_IDENTIFIER=Intel64 Family 6 Model 61 Stepping 4, GenuineIntel



---------------  S Y S T E M  ---------------

OS: Windows 10.0 , 64 bit Build 10586 (10.0.10586.589)

CPU:total 4 (2 cores per cpu, 2 threads per core) family 6 model 61 stepping 4, cmov, cx8, fxsr, mmx, sse, sse2, sse3, ssse3, sse4.1, sse4.2, popcnt, avx, avx2, aes, clmul, erms, 3dnowpref, lzcnt, ht, tsc, tscinvbit, bmi1, bmi2, adx

Memory: 4k page, physical 6204428k(625140k free), swap 7899948k(5312k free)

vm_info: Java HotSpot(TM) 64-Bit Server VM (25.92-b14) for windows-amd64 JRE (1.8.0_92-b14), built on Mar 31 2016 21:03:04 by "java_re" with MS VC++ 10.0 (VS2010)

time: Mon Nov 21 05:10:57 2016
elapsed time: 1 seconds (0d 0h 0m 1s)

