#
# There is insufficient memory for the Java Runtime Environment to continue.
# Native memory allocation (malloc) failed to allocate 155216 bytes for Chunk::new
# Possible reasons:
#   The system is out of physical RAM or swap space
#   In 32 bit mode, the process size limit was hit
# Possible solutions:
#   Reduce memory load on the system
#   Increase physical memory or swap space
#   Check if swap backing store is full
#   Use 64 bit Java on a 64 bit OS
#   Decrease Java heap size (-Xmx/-Xms)
#   Decrease number of Java threads
#   Decrease Java thread stack sizes (-Xss)
#   Set larger code cache with -XX:ReservedCodeCacheSize=
# This output file may be truncated or incomplete.
#
#  Out of Memory Error (allocation.cpp:390), pid=15316, tid=0x0000000000003870
#
# JRE version: Java(TM) SE Runtime Environment (8.0_92-b14) (build 1.8.0_92-b14)
# Java VM: Java HotSpot(TM) 64-Bit Server VM (25.92-b14 mixed mode windows-amd64 compressed oops)
# Failed to write core dump. Minidumps are not enabled by default on client versions of Windows
#

---------------  T H R E A D  ---------------

Current thread (0x0000000014c71000):  JavaThread "C2 CompilerThread1" daemon [_thread_in_native, id=14448, stack(0x00000000163b0000,0x00000000164b0000)]

Stack: [0x00000000163b0000,0x00000000164b0000]
[error occurred during error reporting (printing stack bounds), id 0xc0000005]

Native frames: (J=compiled Java code, j=interpreted, Vv=VM code, C=native code)


Current CompileTask:
C2:  11338 2424       4       com.android.dx.dex.code.OutputFinisher::addConstants (93 bytes)


---------------  P R O C E S S  ---------------

Java Threads: ( => current thread )
  0x0000000016826800 JavaThread "pool-1-thread-1" [_thread_in_Java, id=13944, stack(0x0000000018880000,0x0000000018980000)]
  0x00000000165b6000 JavaThread "Service Thread" daemon [_thread_blocked, id=13156, stack(0x00000000169b0000,0x0000000016ab0000)]
  0x0000000014ccb800 JavaThread "C1 CompilerThread2" daemon [_thread_blocked, id=7896, stack(0x00000000164b0000,0x00000000165b0000)]
=>0x0000000014c71000 JavaThread "C2 CompilerThread1" daemon [_thread_in_native, id=14448, stack(0x00000000163b0000,0x00000000164b0000)]
  0x0000000014c6c000 JavaThread "C2 CompilerThread0" daemon [_thread_in_native, id=14112, stack(0x00000000162b0000,0x00000000163b0000)]
  0x0000000014c6a800 JavaThread "Attach Listener" daemon [_thread_blocked, id=12148, stack(0x00000000161b0000,0x00000000162b0000)]
  0x0000000014c69800 JavaThread "Signal Dispatcher" daemon [_thread_blocked, id=6860, stack(0x00000000160b0000,0x00000000161b0000)]
  0x0000000014c5a800 JavaThread "Finalizer" daemon [_thread_blocked, id=9532, stack(0x0000000015ed0000,0x0000000015fd0000)]
  0x0000000002590000 JavaThread "Reference Handler" daemon [_thread_blocked, id=8772, stack(0x0000000015dd0000,0x0000000015ed0000)]
  0x00000000024a1000 JavaThread "main" [_thread_blocked, id=3328, stack(0x00000000023a0000,0x00000000024a0000)]

Other Threads:
  0x0000000014c37800 VMThread [stack: 0x0000000015cd0000,0x0000000015dd0000] [id=1936]
  0x00000000165d2000 WatcherThread [stack: 0x0000000016ab0000,0x0000000016bb0000] [id=1516]

VM state:not at safepoint (normal execution)

VM Mutex/Monitor currently owned by a thread: None

Heap:
 PSYoungGen      total 218624K, used 27954K [0x00000000eab00000, 0x0000000100000000, 0x0000000100000000)
  eden space 193024K, 9% used [0x00000000eab00000,0x00000000ebc54e58,0x00000000f6780000)
  from space 25600K, 39% used [0x00000000f6780000,0x00000000f7177b88,0x00000000f8080000)
  to   space 41472K, 0% used [0x00000000fd780000,0x00000000fd780000,0x0000000100000000)
 ParOldGen       total 65536K, used 65417K [0x00000000c0000000, 0x00000000c4000000, 0x00000000eab00000)
  object space 65536K, 99% used [0x00000000c0000000,0x00000000c3fe2540,0x00000000c4000000)
 Metaspace       used 6655K, capacity 7320K, committed 7680K, reserved 1056768K
  class space    used 630K, capacity 656K, committed 768K, reserved 1048576K

Card table byte_map: [0x0000000011960000,0x0000000011b70000] byte_map_base: 0x0000000011360000

Marking Bits: (ParMarkBitMap*) 0x00000000779464f0
 Begin Bits: [0x00000000120d0000, 0x00000000130d0000)
 End Bits:   [0x00000000130d0000, 0x00000000140d0000)

Polling page: 0x0000000000c70000

CodeCache: size=245760Kb used=10417Kb max_used=10417Kb free=235342Kb
 bounds [0x00000000025a0000, 0x0000000002fe0000, 0x00000000115a0000]
 total_blobs=2594 nmethods=2324 adapters=182
 compilation: enabled

Compilation events (10 events):
Event: 11.121 Thread 0x0000000014ccb800 2433       2       com.android.dx.rop.code.SwitchInsn::getCatches (4 bytes)
Event: 11.121 Thread 0x0000000014ccb800 nmethod 2433 0x0000000002fc9f10 code [0x0000000002fca060, 0x0000000002fca1b0]
Event: 11.126 Thread 0x0000000014ccb800 2434 %     3       com.android.dx.dex.file.CodeItem::addContents @ 142 (174 bytes)
Event: 11.128 Thread 0x0000000014ccb800 nmethod 2434% 0x0000000002fcde10 code [0x0000000002fce120, 0x0000000002fcfb48]
Event: 11.175 Thread 0x0000000014ccb800 2437       3       com.android.dx.dex.code.StdCatchBuilder::hasAnyCatches (57 bytes)
Event: 11.175 Thread 0x0000000014ccb800 nmethod 2437 0x0000000002fd0650 code [0x0000000002fd0840, 0x0000000002fd1578]
Event: 11.175 Thread 0x0000000014ccb800 2436       3       com.android.dx.dex.file.CodeItem::addContents (174 bytes)
Event: 11.177 Thread 0x0000000014ccb800 nmethod 2436 0x0000000002fd1ad0 code [0x0000000002fd1de0, 0x0000000002fd3788]
Event: 11.187 Thread 0x0000000014ccb800 2438       2       com.android.dx.dex.code.StdCatchBuilder::getCatchTypes (97 bytes)
Event: 11.187 Thread 0x0000000014ccb800 nmethod 2438 0x0000000002fd4250 code [0x0000000002fd4460, 0x0000000002fd4968]

GC Heap History (10 events):
Event: 3.798 GC heap before
{Heap before GC invocations=4 (full 0):
 PSYoungGen      total 53248K, used 53224K [0x00000000eab00000, 0x00000000f1300000, 0x0000000100000000)
  eden space 49152K, 100% used [0x00000000eab00000,0x00000000edb00000,0x00000000edb00000)
  from space 4096K, 99% used [0x00000000edb00000,0x00000000edefa298,0x00000000edf00000)
  to   space 4096K, 0% used [0x00000000f0f00000,0x00000000f0f00000,0x00000000f1300000)
 ParOldGen       total 65536K, used 7847K [0x00000000c0000000, 0x00000000c4000000, 0x00000000eab00000)
  object space 65536K, 11% used [0x00000000c0000000,0x00000000c07a9f80,0x00000000c4000000)
 Metaspace       used 6288K, capacity 7154K, committed 7296K, reserved 1056768K
  class space    used 603K, capacity 618K, committed 640K, reserved 1048576K
Event: 3.836 GC heap after
Heap after GC invocations=4 (full 0):
 PSYoungGen      total 102400K, used 4082K [0x00000000eab00000, 0x00000000f1300000, 0x0000000100000000)
  eden space 98304K, 0% used [0x00000000eab00000,0x00000000eab00000,0x00000000f0b00000)
  from space 4096K, 99% used [0x00000000f0f00000,0x00000000f12fc8c8,0x00000000f1300000)
  to   space 4096K, 0% used [0x00000000f0b00000,0x00000000f0b00000,0x00000000f0f00000)
 ParOldGen       total 65536K, used 15834K [0x00000000c0000000, 0x00000000c4000000, 0x00000000eab00000)
  object space 65536K, 24% used [0x00000000c0000000,0x00000000c0f76bb0,0x00000000c4000000)
 Metaspace       used 6288K, capacity 7154K, committed 7296K, reserved 1056768K
  class space    used 603K, capacity 618K, committed 640K, reserved 1048576K
}
Event: 4.424 GC heap before
{Heap before GC invocations=5 (full 0):
 PSYoungGen      total 102400K, used 102386K [0x00000000eab00000, 0x00000000f1300000, 0x0000000100000000)
  eden space 98304K, 100% used [0x00000000eab00000,0x00000000f0b00000,0x00000000f0b00000)
  from space 4096K, 99% used [0x00000000f0f00000,0x00000000f12fc8c8,0x00000000f1300000)
  to   space 4096K, 0% used [0x00000000f0b00000,0x00000000f0b00000,0x00000000f0f00000)
 ParOldGen       total 65536K, used 15834K [0x00000000c0000000, 0x00000000c4000000, 0x00000000eab00000)
  object space 65536K, 24% used [0x00000000c0000000,0x00000000c0f76bb0,0x00000000c4000000)
 Metaspace       used 6384K, capacity 7154K, committed 7296K, reserved 1056768K
  class space    used 603K, capacity 618K, committed 640K, reserved 1048576K
Event: 4.459 GC heap after
Heap after GC invocations=5 (full 0):
 PSYoungGen      total 102400K, used 4088K [0x00000000eab00000, 0x00000000f9600000, 0x0000000100000000)
  eden space 98304K, 0% used [0x00000000eab00000,0x00000000eab00000,0x00000000f0b00000)
  from space 4096K, 99% used [0x00000000f0b00000,0x00000000f0efe2a8,0x00000000f0f00000)
  to   space 22016K, 0% used [0x00000000f8080000,0x00000000f8080000,0x00000000f9600000)
 ParOldGen       total 65536K, used 32134K [0x00000000c0000000, 0x00000000c4000000, 0x00000000eab00000)
  object space 65536K, 49% used [0x00000000c0000000,0x00000000c1f61900,0x00000000c4000000)
 Metaspace       used 6384K, capacity 7154K, committed 7296K, reserved 1056768K
  class space    used 603K, capacity 618K, committed 640K, reserved 1048576K
}
Event: 5.052 GC heap before
{Heap before GC invocations=6 (full 0):
 PSYoungGen      total 102400K, used 102392K [0x00000000eab00000, 0x00000000f9600000, 0x0000000100000000)
  eden space 98304K, 100% used [0x00000000eab00000,0x00000000f0b00000,0x00000000f0b00000)
  from space 4096K, 99% used [0x00000000f0b00000,0x00000000f0efe2a8,0x00000000f0f00000)
  to   space 22016K, 0% used [0x00000000f8080000,0x00000000f8080000,0x00000000f9600000)
 ParOldGen       total 65536K, used 32134K [0x00000000c0000000, 0x00000000c4000000, 0x00000000eab00000)
  object space 65536K, 49% used [0x00000000c0000000,0x00000000c1f61900,0x00000000c4000000)
 Metaspace       used 6523K, capacity 7256K, committed 7424K, reserved 1056768K
  class space    used 623K, capacity 656K, committed 768K, reserved 1048576K
Event: 5.142 GC heap after
Heap after GC invocations=6 (full 0):
 PSYoungGen      total 215040K, used 19856K [0x00000000eab00000, 0x00000000f9d00000, 0x0000000100000000)
  eden space 193024K, 0% used [0x00000000eab00000,0x00000000eab00000,0x00000000f6780000)
  from space 22016K, 90% used [0x00000000f8080000,0x00000000f93e4038,0x00000000f9600000)
  to   space 25600K, 0% used [0x00000000f6780000,0x00000000f6780000,0x00000000f8080000)
 ParOldGen       total 65536K, used 32134K [0x00000000c0000000, 0x00000000c4000000, 0x00000000eab00000)
  object space 65536K, 49% used [0x00000000c0000000,0x00000000c1f61900,0x00000000c4000000)
 Metaspace       used 6523K, capacity 7256K, committed 7424K, reserved 1056768K
  class space    used 623K, capacity 656K, committed 768K, reserved 1048576K
}
Event: 8.884 GC heap before
{Heap before GC invocations=7 (full 0):
 PSYoungGen      total 215040K, used 212880K [0x00000000eab00000, 0x00000000f9d00000, 0x0000000100000000)
  eden space 193024K, 100% used [0x00000000eab00000,0x00000000f6780000,0x00000000f6780000)
  from space 22016K, 90% used [0x00000000f8080000,0x00000000f93e4038,0x00000000f9600000)
  to   space 25600K, 0% used [0x00000000f6780000,0x00000000f6780000,0x00000000f8080000)
 ParOldGen       total 65536K, used 32134K [0x00000000c0000000, 0x00000000c4000000, 0x00000000eab00000)
  object space 65536K, 49% used [0x00000000c0000000,0x00000000c1f61900,0x00000000c4000000)
 Metaspace       used 6570K, capacity 7256K, committed 7424K, reserved 1056768K
  class space    used 625K, capacity 656K, committed 768K, reserved 1048576K
Event: 9.596 GC heap after
Heap after GC invocations=7 (full 0):
 PSYoungGen      total 218624K, used 25592K [0x00000000eab00000, 0x0000000100000000, 0x0000000100000000)
  eden space 193024K, 0% used [0x00000000eab00000,0x00000000eab00000,0x00000000f6780000)
  from space 25600K, 99% used [0x00000000f6780000,0x00000000f807e3b8,0x00000000f8080000)
  to   space 41472K, 0% used [0x00000000fd780000,0x00000000fd780000,0x0000000100000000)
 ParOldGen       total 65536K, used 53858K [0x00000000c0000000, 0x00000000c4000000, 0x00000000eab00000)
  object space 65536K, 82% used [0x00000000c0000000,0x00000000c3498910,0x00000000c4000000)
 Metaspace       used 6570K, capacity 7256K, committed 7424K, reserved 1056768K
  class space    used 625K, capacity 656K, committed 768K, reserved 1048576K
}
Event: 9.596 GC heap before
{Heap before GC invocations=8 (full 1):
 PSYoungGen      total 218624K, used 25592K [0x00000000eab00000, 0x0000000100000000, 0x0000000100000000)
  eden space 193024K, 0% used [0x00000000eab00000,0x00000000eab00000,0x00000000f6780000)
  from space 25600K, 99% used [0x00000000f6780000,0x00000000f807e3b8,0x00000000f8080000)
  to   space 41472K, 0% used [0x00000000fd780000,0x00000000fd780000,0x0000000100000000)
 ParOldGen       total 65536K, used 53858K [0x00000000c0000000, 0x00000000c4000000, 0x00000000eab00000)
  object space 65536K, 82% used [0x00000000c0000000,0x00000000c3498910,0x00000000c4000000)
 Metaspace       used 6570K, capacity 7256K, committed 7424K, reserved 1056768K
  class space    used 625K, capacity 656K, committed 768K, reserved 1048576K
Event: 10.815 GC heap after
Heap after GC invocations=8 (full 1):
 PSYoungGen      total 218624K, used 10206K [0x00000000eab00000, 0x0000000100000000, 0x0000000100000000)
  eden space 193024K, 0% used [0x00000000eab00000,0x00000000eab00000,0x00000000f6780000)
  from space 25600K, 39% used [0x00000000f6780000,0x00000000f7177b88,0x00000000f8080000)
  to   space 41472K, 0% used [0x00000000fd780000,0x00000000fd780000,0x0000000100000000)
 ParOldGen       total 65536K, used 65417K [0x00000000c0000000, 0x00000000c4000000, 0x00000000eab00000)
  object space 65536K, 99% used [0x00000000c0000000,0x00000000c3fe2540,0x00000000c4000000)
 Metaspace       used 6570K, capacity 7256K, committed 7424K, reserved 1056768K
  class space    used 625K, capacity 656K, committed 768K, reserved 1048576K
}

Deoptimization events (10 events):
Event: 10.831 Thread 0x0000000016824000 Uncommon trap: reason=unstable_if action=reinterpret pc=0x0000000002cd4928 method=java.util.HashMap.getNode(ILjava/lang/Object;)Ljava/util/HashMap$Node; @ 84
Event: 10.980 Thread 0x0000000016826800 Uncommon trap: reason=class_check action=maybe_recompile pc=0x00000000029a4948 method=java.util.Arrays.hashCode([Ljava/lang/Object;)I @ 43
Event: 10.980 Thread 0x0000000016826800 Uncommon trap: reason=class_check action=maybe_recompile pc=0x00000000029a4948 method=java.util.Arrays.hashCode([Ljava/lang/Object;)I @ 43
Event: 10.980 Thread 0x0000000016826800 Uncommon trap: reason=class_check action=maybe_recompile pc=0x00000000029a4948 method=java.util.Arrays.hashCode([Ljava/lang/Object;)I @ 43
Event: 10.980 Thread 0x0000000016826800 Uncommon trap: reason=class_check action=maybe_recompile pc=0x00000000029a4948 method=java.util.Arrays.hashCode([Ljava/lang/Object;)I @ 43
Event: 10.980 Thread 0x0000000016826800 Uncommon trap: reason=class_check action=maybe_recompile pc=0x00000000029ac0b4 method=java.util.Arrays.hashCode([Ljava/lang/Object;)I @ 43
Event: 11.021 Thread 0x0000000016826800 Uncommon trap: reason=class_check action=maybe_recompile pc=0x00000000029ae1c8 method=java.util.HashMap.putVal(ILjava/lang/Object;Ljava/lang/Object;ZZ)Ljava/lang/Object; @ 203
Event: 11.021 Thread 0x0000000016826800 Uncommon trap: reason=class_check action=maybe_recompile pc=0x00000000029ae1c8 method=java.util.HashMap.putVal(ILjava/lang/Object;Ljava/lang/Object;ZZ)Ljava/lang/Object; @ 203
Event: 11.022 Thread 0x0000000016826800 Uncommon trap: reason=class_check action=maybe_recompile pc=0x00000000029ae1c8 method=java.util.HashMap.putVal(ILjava/lang/Object;Ljava/lang/Object;ZZ)Ljava/lang/Object; @ 203
Event: 11.023 Thread 0x0000000016826800 Uncommon trap: reason=class_check action=maybe_recompile pc=0x00000000029ae1c8 method=java.util.HashMap.putVal(ILjava/lang/Object;Ljava/lang/Object;ZZ)Ljava/lang/Object; @ 203

Internal exceptions (8 events):
Event: 0.112 Thread 0x00000000024a1000 Exception <a 'java/lang/NoSuchMethodError': Method sun.misc.Unsafe.defineClass(Ljava/lang/String;[BII)Ljava/lang/Class; name or signature does not match> (0x00000000eab07cc0) thrown at [D:\re\workspace\8-2-build-windows-amd64-cygwin\jdk8u92\6642\hotspot\sr$Äsá¸¼?
Event: 0.112 Thread 0x00000000024a1000 Exception <a 'java/lang/NoSuchMethodError': Method sun.misc.Unsafe.prefetchRead(Ljava/lang/Object;J)V name or signature does not match> (0x00000000eab07fa8) thrown at [D:\re\workspace\8-2-build-windows-amd64-cygwin\jdk8u92\6642\hotspot\src\share\vm\prims\jscµµdÝ@
Event: 3.858 Thread 0x000000001682b800 Implicit null exception at 0x0000000002bf4a3c to 0x0000000002bf78f5
Event: 4.408 Thread 0x0000000016824000 Implicit null exception at 0x0000000002b7bfcf to 0x0000000002b7d249
Event: 4.484 Thread 0x0000000016829800 Implicit null exception at 0x0000000002b85091 to 0x0000000002b86741
Event: 4.655 Thread 0x000000001682b800 Exception <a 'java/lang/ArrayIndexOutOfBoundsException': 18> (0x00000000ed0fa880) thrown at [D:\re\workspace\8-2-build-windows-amd64-cygwin\jdk8u92\6642\hotspot\src\share\vm\interpreter\interpreterRuntime.cpp, line 366]
Event: 4.656 Thread 0x000000001682b800 Exception <a 'java/lang/ArrayIndexOutOfBoundsException'> (0x00000000ed0fc400) thrown at [D:\re\workspace\8-2-build-windows-amd64-cygwin\jdk8u92\6642\hotspot\src\share\vm\runtime\sharedRuntime.cpp, line 605]
Event: 4.657 Thread 0x000000001682b800 Exception <a 'java/lang/ArrayIndexOutOfBoundsException'> (0x00000000ed0fd6e8) thrown at [D:\re\workspace\8-2-build-windows-amd64-cygwin\jdk8u92\6642\hotspot\src\share\vm\runtime\sharedRuntime.cpp, line 605]

Events (10 events):
Event: 11.022 Thread 0x0000000016826800 Uncommon trap: trap_request=0xffffffde fr.pc=0x00000000029ae1c8
Event: 11.022 Thread 0x0000000016826800 DEOPT PACKING pc=0x00000000029ae1c8 sp=0x000000001897ed80
Event: 11.022 Thread 0x0000000016826800 DEOPT UNPACKING pc=0x00000000025e582a sp=0x000000001897eca0 mode 2
Event: 11.023 Thread 0x0000000016826800 Uncommon trap: trap_request=0xffffffde fr.pc=0x00000000029ae1c8
Event: 11.023 Thread 0x0000000016826800 DEOPT PACKING pc=0x00000000029ae1c8 sp=0x000000001897ed80
Event: 11.023 Thread 0x0000000016826800 DEOPT UNPACKING pc=0x00000000025e582a sp=0x000000001897eca0 mode 2
Event: 11.048 loading class com/android/dx/dex/file/CatchStructs
Event: 11.048 loading class com/android/dx/dex/file/CatchStructs done
Event: 11.067 Thread 0x0000000016826800 DEOPT PACKING pc=0x0000000002fc4caa sp=0x000000001897ed90
Event: 11.067 Thread 0x0000000016826800 DEOPT UNPACKING pc=0x00000000025e787f sp=0x000000001897eb20 mode 0


Dynamic libraries:
0x00007ff60d680000 - 0x00007ff60d6b7000 	C:\Program Files\Java\jdk1.8.0_92\bin\java.exe
0x00007ffab1290000 - 0x00007ffab1451000 	C:\Windows\SYSTEM32\ntdll.dll
0x00007ffab1170000 - 0x00007ffab121d000 	C:\Windows\system32\KERNEL32.DLL
0x00007ffaada50000 - 0x00007ffaadc38000 	C:\Windows\system32\KERNELBASE.dll
0x00007ffab09e0000 - 0x00007ffab0a87000 	C:\Windows\system32\ADVAPI32.dll
0x00007ffab06c0000 - 0x00007ffab075d000 	C:\Windows\system32\msvcrt.dll
0x00007ffaae690000 - 0x00007ffaae6eb000 	C:\Windows\system32\sechost.dll
0x00007ffab0340000 - 0x00007ffab045c000 	C:\Windows\system32\RPCRT4.dll
0x00007ffab0ed0000 - 0x00007ffab1026000 	C:\Windows\system32\USER32.dll
0x00007ffaae910000 - 0x00007ffaaea96000 	C:\Windows\system32\GDI32.dll
0x00007ffaa1440000 - 0x00007ffaa16b4000 	C:\Windows\WinSxS\amd64_microsoft.windows.common-controls_6595b64144ccf1df_6.0.10586.672_none_a2d6b3cea53ff843\COMCTL32.dll
0x00007ffab0760000 - 0x00007ffab09dd000 	C:\Windows\system32\combase.dll
0x00007ffaae620000 - 0x00007ffaae68a000 	C:\Windows\system32\bcryptPrimitives.dll
0x00007ffab0460000 - 0x00007ffab049b000 	C:\Windows\system32\IMM32.DLL
0x0000000076be0000 - 0x0000000076cb2000 	C:\Program Files\Java\jdk1.8.0_92\jre\bin\msvcr100.dll
0x0000000077130000 - 0x00000000779c6000 	C:\Program Files\Java\jdk1.8.0_92\jre\bin\server\jvm.dll
0x00007ffab06b0000 - 0x00007ffab06b8000 	C:\Windows\system32\PSAPI.DLL
0x00007ffaa2240000 - 0x00007ffaa2249000 	C:\Windows\SYSTEM32\WSOCK32.dll
0x00007ffab1100000 - 0x00007ffab116b000 	C:\Windows\system32\WS2_32.dll
0x00007ffaab1d0000 - 0x00007ffaab1f3000 	C:\Windows\SYSTEM32\WINMM.dll
0x00007ffaa1820000 - 0x00007ffaa182a000 	C:\Windows\SYSTEM32\VERSION.dll
0x00007ffaab170000 - 0x00007ffaab19c000 	C:\Windows\SYSTEM32\WINMMBASE.dll
0x00007ffaadd00000 - 0x00007ffaadd43000 	C:\Windows\system32\cfgmgr32.dll
0x0000000050010000 - 0x000000005001f000 	C:\Program Files\Java\jdk1.8.0_92\jre\bin\verify.dll
0x0000000077020000 - 0x0000000077049000 	C:\Program Files\Java\jdk1.8.0_92\jre\bin\java.dll
0x0000000077000000 - 0x0000000077016000 	C:\Program Files\Java\jdk1.8.0_92\jre\bin\zip.dll
0x00007ffaaead0000 - 0x00007ffab002c000 	C:\Windows\system32\SHELL32.dll
0x00007ffaadfd0000 - 0x00007ffaae615000 	C:\Windows\system32\windows.storage.dll
0x00007ffab0500000 - 0x00007ffab0552000 	C:\Windows\system32\shlwapi.dll
0x00007ffaad8e0000 - 0x00007ffaad8ef000 	C:\Windows\system32\kernel.appcore.dll
0x00007ffaadc40000 - 0x00007ffaadcf5000 	C:\Windows\system32\shcore.dll
0x00007ffaad8f0000 - 0x00007ffaad93b000 	C:\Windows\system32\powrprof.dll
0x00007ffaad8b0000 - 0x00007ffaad8c4000 	C:\Windows\system32\profapi.dll

VM Arguments:
jvm_args: -Djava.awt.headless=true -Xmx1024M -Dfile.encoding=windows-1252 -Duser.country=GB -Duser.language=en -Duser.variant 
java_command: com.android.dx.command.Main --dex --force-jumbo --num-threads=4 --multi-dex --output C:\Users\Edgaras\Desktop\Mokslai\Projects\Android Projects\SpaceShooter\app\build\intermediates\transforms\dex\debug\folders\1000\10\com.android.support-support-v4-24.1.0_d6b98b1b0361848804f0d3e66441ec8c08f7ccc4 C:\Users\Edgaras\Desktop\Mokslai\Projects\Android Projects\SpaceShooter\app\build\intermediates\exploded-aar\com.android.support\support-v4\24.1.0\jars\classes.jar
java_class_path (initial): C:\Users\Edgaras\AppData\Local\Android\sdk\build-tools\24.0.0\lib\dx.jar
Launcher Type: SUN_STANDARD

Environment Variables:
PATH=C:\ProgramData\Oracle\Java\javapath;C:\Windows\system32;C:\Windows;C:\Windows\System32\Wbem;C:\Windows\System32\WindowsPowerShell\v1.0\;C:\Program Files (x86)\MySQL\MySQL Fabric 1.5 & MySQL Utilities 1.5\;C:\Program Files (x86)\MySQL\MySQL Fabric 1.5 & MySQL Utilities 1.5\Doctrine extensions for PHP\;C:\Program Files\Microsoft SQL Server\130\Tools\Binn\;C:\Program Files\nodejs\;C:\Windows\system32\config\systemprofile\.dnx\bin;C:\Program Files\Microsoft DNX\Dnvm\;C:\Users\Edgaras\AppData\Local\Android\Sdk\tools;C:\Users\Edgaras\AppData\Local\Android\Sdk\platform-tools;C:\Users\Edgaras\AppData\Roaming\npm
USERNAME=Edgaras
OS=Windows_NT
PROCESSOR_IDENTIFIER=Intel64 Family 6 Model 61 Stepping 4, GenuineIntel



---------------  S Y S T E M  ---------------

OS: Windows 10.0 , 64 bit Build 10586 (10.0.10586.589)

CPU:total 4 (2 cores per cpu, 2 threads per core) family 6 model 61 stepping 4, cmov, cx8, fxsr, mmx, sse, sse2, sse3, ssse3, sse4.1, sse4.2, popcnt, avx, avx2, aes, clmul, erms, 3dnowpref, lzcnt, ht, tsc, tscinvbit, bmi1, bmi2, adx

Memory: 4k page, physical 6204428k(583652k free), swap 9203968k(5176k free)

vm_info: Java HotSpot(TM) 64-Bit Server VM (25.92-b14) for windows-amd64 JRE (1.8.0_92-b14), built on Mar 31 2016 21:03:04 by "java_re" with MS VC++ 10.0 (VS2010)

time: Wed Nov 30 00:35:04 2016
elapsed time: 11 seconds (0d 0h 0m 11s)

