#
# There is insufficient memory for the Java Runtime Environment to continue.
# Native memory allocation (malloc) failed to allocate 920496 bytes for Chunk::new
# Possible reasons:
#   The system is out of physical RAM or swap space
#   In 32 bit mode, the process size limit was hit
# Possible solutions:
#   Reduce memory load on the system
#   Increase physical memory or swap space
#   Check if swap backing store is full
#   Use 64 bit Java on a 64 bit OS
#   Decrease Java heap size (-Xmx/-Xms)
#   Decrease number of Java threads
#   Decrease Java thread stack sizes (-Xss)
#   Set larger code cache with -XX:ReservedCodeCacheSize=
# This output file may be truncated or incomplete.
#
#  Out of Memory Error (allocation.cpp:390), pid=14316, tid=0x0000000000001a58
#
# JRE version: Java(TM) SE Runtime Environment (8.0_92-b14) (build 1.8.0_92-b14)
# Java VM: Java HotSpot(TM) 64-Bit Server VM (25.92-b14 mixed mode windows-amd64 compressed oops)
# Failed to write core dump. Minidumps are not enabled by default on client versions of Windows
#

---------------  T H R E A D  ---------------

Current thread (0x0000000014d90000):  JavaThread "C2 CompilerThread1" daemon [_thread_in_native, id=6744, stack(0x00000000164d0000,0x00000000165d0000)]

Stack: [0x00000000164d0000,0x00000000165d0000]
[error occurred during error reporting (printing stack bounds), id 0xc0000005]

Native frames: (J=compiled Java code, j=interpreted, Vv=VM code, C=native code)


Current CompileTask:
C2:   9005 1991       4       com.android.dx.rop.code.Rops::ropFor (771 bytes)


---------------  P R O C E S S  ---------------

Java Threads: ( => current thread )
  0x000000001691f000 JavaThread "pool-1-thread-1" [_thread_in_Java, id=7348, stack(0x00000000189a0000,0x0000000018aa0000)]
  0x00000000166d8000 JavaThread "Service Thread" daemon [_thread_blocked, id=3408, stack(0x0000000016ad0000,0x0000000016bd0000)]
  0x0000000014de2800 JavaThread "C1 CompilerThread2" daemon [_thread_blocked, id=9044, stack(0x00000000165d0000,0x00000000166d0000)]
=>0x0000000014d90000 JavaThread "C2 CompilerThread1" daemon [_thread_in_native, id=6744, stack(0x00000000164d0000,0x00000000165d0000)]
  0x0000000014d8c000 JavaThread "C2 CompilerThread0" daemon [_thread_in_native, id=9880, stack(0x00000000163d0000,0x00000000164d0000)]
  0x0000000014d8a800 JavaThread "Attach Listener" daemon [_thread_blocked, id=3460, stack(0x00000000162d0000,0x00000000163d0000)]
  0x0000000014d89800 JavaThread "Signal Dispatcher" daemon [_thread_blocked, id=14524, stack(0x00000000161d0000,0x00000000162d0000)]
  0x0000000014d7a000 JavaThread "Finalizer" daemon [_thread_blocked, id=6528, stack(0x0000000015ff0000,0x00000000160f0000)]
  0x00000000026b0000 JavaThread "Reference Handler" daemon [_thread_blocked, id=9440, stack(0x0000000015ef0000,0x0000000015ff0000)]
  0x00000000025c1000 JavaThread "main" [_thread_blocked, id=14200, stack(0x00000000024c0000,0x00000000025c0000)]

Other Threads:
  0x0000000014d57800 VMThread [stack: 0x0000000015df0000,0x0000000015ef0000] [id=8332]
  0x00000000166eb800 WatcherThread [stack: 0x0000000016bd0000,0x0000000016cd0000] [id=13280]

VM state:not at safepoint (normal execution)

VM Mutex/Monitor currently owned by a thread: None

Heap:
 PSYoungGen      total 218624K, used 40794K [0x00000000eab00000, 0x00000000f9d00000, 0x0000000100000000)
  eden space 193024K, 15% used [0x00000000eab00000,0x00000000ec8e63b0,0x00000000f6780000)
  from space 25600K, 39% used [0x00000000f6780000,0x00000000f71706f8,0x00000000f8080000)
  to   space 22016K, 0% used [0x00000000f8080000,0x00000000f8080000,0x00000000f9600000)
 ParOldGen       total 127488K, used 65232K [0x00000000c0000000, 0x00000000c7c80000, 0x00000000eab00000)
  object space 127488K, 51% used [0x00000000c0000000,0x00000000c3fb4368,0x00000000c7c80000)
 Metaspace       used 6887K, capacity 7544K, committed 7680K, reserved 1056768K
  class space    used 642K, capacity 688K, committed 768K, reserved 1048576K

Card table byte_map: [0x0000000011a80000,0x0000000011c90000] byte_map_base: 0x0000000011480000

Marking Bits: (ParMarkBitMap*) 0x000000006cae64f0
 Begin Bits: [0x00000000121f0000, 0x00000000131f0000)
 End Bits:   [0x00000000131f0000, 0x00000000141f0000)

Polling page: 0x0000000000920000

CodeCache: size=245760Kb used=10274Kb max_used=10274Kb free=235485Kb
 bounds [0x00000000026c0000, 0x00000000030d0000, 0x00000000116c0000]
 total_blobs=2800 nmethods=2530 adapters=182
 compilation: enabled

Compilation events (10 events):
Event: 8.987 Thread 0x0000000014de2800 2628       3       com.android.dx.rop.code.RegisterSpecSet::findMatchingLocal (49 bytes)
Event: 8.987 Thread 0x0000000014de2800 nmethod 2628 0x00000000030ce150 code [0x00000000030ce2e0, 0x00000000030ce6a8]
Event: 8.988 Thread 0x0000000014de2800 2629       2       com.android.dx.dex.code.form.Form21s::isCompatible (89 bytes)
Event: 8.989 Thread 0x0000000014de2800 nmethod 2629 0x00000000030ce850 code [0x00000000030ce9e0, 0x00000000030ceda8]
Event: 8.994 Thread 0x0000000014de2800 2630       2       com.android.dx.dex.code.form.Form23x::isCompatible (68 bytes)
Event: 8.995 Thread 0x0000000014de2800 nmethod 2630 0x00000000030cf010 code [0x00000000030cf1a0, 0x00000000030cf528]
Event: 8.996 Thread 0x0000000014de2800 2631       1       com.android.dx.dex.code.form.Form21h::codeSize (2 bytes)
Event: 8.996 Thread 0x0000000014de2800 nmethod 2631 0x00000000030cf790 code [0x00000000030cf8e0, 0x00000000030cf9f0]
Event: 8.999 Thread 0x0000000014de2800 2632       1       com.android.dx.dex.code.form.Form3rc::codeSize (2 bytes)
Event: 8.999 Thread 0x0000000014de2800 nmethod 2632 0x00000000030cfa50 code [0x00000000030cfba0, 0x00000000030cfcb0]

GC Heap History (10 events):
Event: 3.977 GC heap before
{Heap before GC invocations=4 (full 0):
 PSYoungGen      total 53248K, used 53224K [0x00000000eab00000, 0x00000000f1300000, 0x0000000100000000)
  eden space 49152K, 100% used [0x00000000eab00000,0x00000000edb00000,0x00000000edb00000)
  from space 4096K, 99% used [0x00000000edb00000,0x00000000edefa298,0x00000000edf00000)
  to   space 4096K, 0% used [0x00000000f0f00000,0x00000000f0f00000,0x00000000f1300000)
 ParOldGen       total 65536K, used 9776K [0x00000000c0000000, 0x00000000c4000000, 0x00000000eab00000)
  object space 65536K, 14% used [0x00000000c0000000,0x00000000c098c2c0,0x00000000c4000000)
 Metaspace       used 6291K, capacity 7154K, committed 7296K, reserved 1056768K
  class space    used 604K, capacity 618K, committed 640K, reserved 1048576K
Event: 4.007 GC heap after
Heap after GC invocations=4 (full 0):
 PSYoungGen      total 102400K, used 4088K [0x00000000eab00000, 0x00000000f1300000, 0x0000000100000000)
  eden space 98304K, 0% used [0x00000000eab00000,0x00000000eab00000,0x00000000f0b00000)
  from space 4096K, 99% used [0x00000000f0f00000,0x00000000f12fe2a8,0x00000000f1300000)
  to   space 4096K, 0% used [0x00000000f0b00000,0x00000000f0b00000,0x00000000f0f00000)
 ParOldGen       total 65536K, used 17661K [0x00000000c0000000, 0x00000000c4000000, 0x00000000eab00000)
  object space 65536K, 26% used [0x00000000c0000000,0x00000000c113f498,0x00000000c4000000)
 Metaspace       used 6291K, capacity 7154K, committed 7296K, reserved 1056768K
  class space    used 604K, capacity 618K, committed 640K, reserved 1048576K
}
Event: 4.649 GC heap before
{Heap before GC invocations=5 (full 0):
 PSYoungGen      total 102400K, used 102392K [0x00000000eab00000, 0x00000000f1300000, 0x0000000100000000)
  eden space 98304K, 100% used [0x00000000eab00000,0x00000000f0b00000,0x00000000f0b00000)
  from space 4096K, 99% used [0x00000000f0f00000,0x00000000f12fe2a8,0x00000000f1300000)
  to   space 4096K, 0% used [0x00000000f0b00000,0x00000000f0b00000,0x00000000f0f00000)
 ParOldGen       total 65536K, used 17661K [0x00000000c0000000, 0x00000000c4000000, 0x00000000eab00000)
  object space 65536K, 26% used [0x00000000c0000000,0x00000000c113f498,0x00000000c4000000)
 Metaspace       used 6392K, capacity 7218K, committed 7296K, reserved 1056768K
  class space    used 604K, capacity 618K, committed 640K, reserved 1048576K
Event: 4.717 GC heap after
Heap after GC invocations=5 (full 0):
 PSYoungGen      total 102400K, used 4072K [0x00000000eab00000, 0x00000000f9600000, 0x0000000100000000)
  eden space 98304K, 0% used [0x00000000eab00000,0x00000000eab00000,0x00000000f0b00000)
  from space 4096K, 99% used [0x00000000f0b00000,0x00000000f0efa2c8,0x00000000f0f00000)
  to   space 22016K, 0% used [0x00000000f8080000,0x00000000f8080000,0x00000000f9600000)
 ParOldGen       total 65536K, used 33490K [0x00000000c0000000, 0x00000000c4000000, 0x00000000eab00000)
  object space 65536K, 51% used [0x00000000c0000000,0x00000000c20b4a00,0x00000000c4000000)
 Metaspace       used 6392K, capacity 7218K, committed 7296K, reserved 1056768K
  class space    used 604K, capacity 618K, committed 640K, reserved 1048576K
}
Event: 5.336 GC heap before
{Heap before GC invocations=6 (full 0):
 PSYoungGen      total 102400K, used 102376K [0x00000000eab00000, 0x00000000f9600000, 0x0000000100000000)
  eden space 98304K, 100% used [0x00000000eab00000,0x00000000f0b00000,0x00000000f0b00000)
  from space 4096K, 99% used [0x00000000f0b00000,0x00000000f0efa2c8,0x00000000f0f00000)
  to   space 22016K, 0% used [0x00000000f8080000,0x00000000f8080000,0x00000000f9600000)
 ParOldGen       total 65536K, used 33490K [0x00000000c0000000, 0x00000000c4000000, 0x00000000eab00000)
  object space 65536K, 51% used [0x00000000c0000000,0x00000000c20b4a00,0x00000000c4000000)
 Metaspace       used 6532K, capacity 7256K, committed 7424K, reserved 1056768K
  class space    used 624K, capacity 656K, committed 768K, reserved 1048576K
Event: 5.386 GC heap after
Heap after GC invocations=6 (full 0):
 PSYoungGen      total 215040K, used 19706K [0x00000000eab00000, 0x00000000f9d00000, 0x0000000100000000)
  eden space 193024K, 0% used [0x00000000eab00000,0x00000000eab00000,0x00000000f6780000)
  from space 22016K, 89% used [0x00000000f8080000,0x00000000f93beb50,0x00000000f9600000)
  to   space 25600K, 0% used [0x00000000f6780000,0x00000000f6780000,0x00000000f8080000)
 ParOldGen       total 65536K, used 33490K [0x00000000c0000000, 0x00000000c4000000, 0x00000000eab00000)
  object space 65536K, 51% used [0x00000000c0000000,0x00000000c20b4a00,0x00000000c4000000)
 Metaspace       used 6532K, capacity 7256K, committed 7424K, reserved 1056768K
  class space    used 624K, capacity 656K, committed 768K, reserved 1048576K
}
Event: 6.462 GC heap before
{Heap before GC invocations=7 (full 0):
 PSYoungGen      total 215040K, used 212730K [0x00000000eab00000, 0x00000000f9d00000, 0x0000000100000000)
  eden space 193024K, 100% used [0x00000000eab00000,0x00000000f6780000,0x00000000f6780000)
  from space 22016K, 89% used [0x00000000f8080000,0x00000000f93beb50,0x00000000f9600000)
  to   space 25600K, 0% used [0x00000000f6780000,0x00000000f6780000,0x00000000f8080000)
 ParOldGen       total 65536K, used 33490K [0x00000000c0000000, 0x00000000c4000000, 0x00000000eab00000)
  object space 65536K, 51% used [0x00000000c0000000,0x00000000c20b4a00,0x00000000c4000000)
 Metaspace       used 6571K, capacity 7256K, committed 7424K, reserved 1056768K
  class space    used 624K, capacity 656K, committed 768K, reserved 1048576K
Event: 6.671 GC heap after
Heap after GC invocations=7 (full 0):
 PSYoungGen      total 218624K, used 25581K [0x00000000eab00000, 0x00000000f9d00000, 0x0000000100000000)
  eden space 193024K, 0% used [0x00000000eab00000,0x00000000eab00000,0x00000000f6780000)
  from space 25600K, 99% used [0x00000000f6780000,0x00000000f807b6f8,0x00000000f8080000)
  to   space 22016K, 0% used [0x00000000f8080000,0x00000000f8080000,0x00000000f9600000)
 ParOldGen       total 65536K, used 54575K [0x00000000c0000000, 0x00000000c4000000, 0x00000000eab00000)
  object space 65536K, 83% used [0x00000000c0000000,0x00000000c354bfa0,0x00000000c4000000)
 Metaspace       used 6571K, capacity 7256K, committed 7424K, reserved 1056768K
  class space    used 624K, capacity 656K, committed 768K, reserved 1048576K
}
Event: 6.671 GC heap before
{Heap before GC invocations=8 (full 1):
 PSYoungGen      total 218624K, used 25581K [0x00000000eab00000, 0x00000000f9d00000, 0x0000000100000000)
  eden space 193024K, 0% used [0x00000000eab00000,0x00000000eab00000,0x00000000f6780000)
  from space 25600K, 99% used [0x00000000f6780000,0x00000000f807b6f8,0x00000000f8080000)
  to   space 22016K, 0% used [0x00000000f8080000,0x00000000f8080000,0x00000000f9600000)
 ParOldGen       total 65536K, used 54575K [0x00000000c0000000, 0x00000000c4000000, 0x00000000eab00000)
  object space 65536K, 83% used [0x00000000c0000000,0x00000000c354bfa0,0x00000000c4000000)
 Metaspace       used 6571K, capacity 7256K, committed 7424K, reserved 1056768K
  class space    used 624K, capacity 656K, committed 768K, reserved 1048576K
Event: 7.760 GC heap after
Heap after GC invocations=8 (full 1):
 PSYoungGen      total 218624K, used 10177K [0x00000000eab00000, 0x00000000f9d00000, 0x0000000100000000)
  eden space 193024K, 0% used [0x00000000eab00000,0x00000000eab00000,0x00000000f6780000)
  from space 25600K, 39% used [0x00000000f6780000,0x00000000f71706f8,0x00000000f8080000)
  to   space 22016K, 0% used [0x00000000f8080000,0x00000000f8080000,0x00000000f9600000)
 ParOldGen       total 127488K, used 65232K [0x00000000c0000000, 0x00000000c7c80000, 0x00000000eab00000)
  object space 127488K, 51% used [0x00000000c0000000,0x00000000c3fb4368,0x00000000c7c80000)
 Metaspace       used 6571K, capacity 7256K, committed 7424K, reserved 1056768K
  class space    used 624K, capacity 656K, committed 768K, reserved 1048576K
}

Deoptimization events (10 events):
Event: 7.928 Thread 0x000000001691f000 Uncommon trap: reason=class_check action=maybe_recompile pc=0x0000000002c11e48 method=java.util.Arrays.hashCode([Ljava/lang/Object;)I @ 43
Event: 7.928 Thread 0x000000001691f000 Uncommon trap: reason=class_check action=maybe_recompile pc=0x0000000002c124b4 method=java.util.Arrays.hashCode([Ljava/lang/Object;)I @ 43
Event: 7.971 Thread 0x000000001691f000 Uncommon trap: reason=bimorphic action=maybe_recompile pc=0x0000000002d59b24 method=java.util.HashMap.putVal(ILjava/lang/Object;Ljava/lang/Object;ZZ)Ljava/lang/Object; @ 203
Event: 7.971 Thread 0x000000001691f000 Uncommon trap: reason=bimorphic action=maybe_recompile pc=0x0000000002d59b24 method=java.util.HashMap.putVal(ILjava/lang/Object;Ljava/lang/Object;ZZ)Ljava/lang/Object; @ 203
Event: 7.972 Thread 0x000000001691f000 Uncommon trap: reason=bimorphic action=maybe_recompile pc=0x0000000002d59b24 method=java.util.HashMap.putVal(ILjava/lang/Object;Ljava/lang/Object;ZZ)Ljava/lang/Object; @ 203
Event: 7.991 Thread 0x000000001691f000 Uncommon trap: reason=bimorphic action=maybe_recompile pc=0x0000000002d59b24 method=java.util.HashMap.putVal(ILjava/lang/Object;Ljava/lang/Object;ZZ)Ljava/lang/Object; @ 203
Event: 8.701 Thread 0x000000001691f000 Uncommon trap: reason=class_check action=maybe_recompile pc=0x0000000002a2aac0 method=java.util.Arrays.equals([Ljava/lang/Object;[Ljava/lang/Object;)Z @ 62
Event: 8.701 Thread 0x000000001691f000 Uncommon trap: reason=class_check action=maybe_recompile pc=0x0000000002a2aac0 method=java.util.Arrays.equals([Ljava/lang/Object;[Ljava/lang/Object;)Z @ 62
Event: 8.701 Thread 0x000000001691f000 Uncommon trap: reason=unstable_if action=reinterpret pc=0x0000000002a2aa98 method=java.util.Arrays.equals([Ljava/lang/Object;[Ljava/lang/Object;)Z @ 23
Event: 8.703 Thread 0x000000001691f000 Uncommon trap: reason=unstable_if action=reinterpret pc=0x0000000002ebdadc method=java.util.TreeMap.put(Ljava/lang/Object;Ljava/lang/Object;)Ljava/lang/Object; @ 163

Internal exceptions (8 events):
Event: 0.089 Thread 0x00000000025c1000 Exception <a 'java/lang/NoSuchMethodError': Method sun.misc.Unsafe.defineClass(Ljava/lang/String;[BII)Ljava/lang/Class; name or signature does not match> (0x00000000eab07cc0) thrown at [D:\re\workspace\8-2-build-windows-amd64-cygwin\jdk8u92\6642\hotspot\srÈ>†žÆ¶?
Event: 0.089 Thread 0x00000000025c1000 Exception <a 'java/lang/NoSuchMethodError': Method sun.misc.Unsafe.prefetchRead(Ljava/lang/Object;J)V name or signature does not match> (0x00000000eab07fa8) thrown at [D:\re\workspace\8-2-build-windows-amd64-cygwin\jdk8u92\6642\hotspot\src\share\vm\prims\jñ`TW…
Event: 2.002 Thread 0x000000001691c800 Implicit null exception at 0x0000000002a03522 to 0x0000000002a03629
Event: 2.944 Thread 0x0000000016923000 Implicit null exception at 0x00000000029b1c2f to 0x00000000029b3359
Event: 4.646 Thread 0x000000001691c800 Implicit null exception at 0x0000000002d0cce1 to 0x0000000002d0e1b1
Event: 4.923 Thread 0x0000000016924000 Exception <a 'java/lang/ArrayIndexOutOfBoundsException': 18> (0x00000000ecf41c78) thrown at [D:\re\workspace\8-2-build-windows-amd64-cygwin\jdk8u92\6642\hotspot\src\share\vm\interpreter\interpreterRuntime.cpp, line 366]
Event: 4.924 Thread 0x0000000016924000 Exception <a 'java/lang/ArrayIndexOutOfBoundsException': 145> (0x00000000ecf437f8) thrown at [D:\re\workspace\8-2-build-windows-amd64-cygwin\jdk8u92\6642\hotspot\src\share\vm\interpreter\interpreterRuntime.cpp, line 366]
Event: 4.925 Thread 0x0000000016924000 Exception <a 'java/lang/ArrayIndexOutOfBoundsException': 40> (0x00000000ecf44ae0) thrown at [D:\re\workspace\8-2-build-windows-amd64-cygwin\jdk8u92\6642\hotspot\src\share\vm\interpreter\interpreterRuntime.cpp, line 366]

Events (10 events):
Event: 8.785 Thread 0x000000001691f000 DEOPT PACKING pc=0x000000000305b68d sp=0x0000000018a9ed60
Event: 8.785 Thread 0x000000001691f000 DEOPT UNPACKING pc=0x000000000270787f sp=0x0000000018a9eab0 mode 0
Event: 8.786 Thread 0x000000001691f000 DEOPT PACKING pc=0x000000000305ab9e sp=0x0000000018a9eb50
Event: 8.786 Thread 0x000000001691f000 DEOPT UNPACKING pc=0x000000000270787f sp=0x0000000018a9e8d8 mode 0
Event: 8.787 Thread 0x000000001691f000 DEOPT PACKING pc=0x0000000003059c19 sp=0x0000000018a9eb00
Event: 8.787 Thread 0x000000001691f000 DEOPT UNPACKING pc=0x000000000270787f sp=0x0000000018a9e8c8 mode 0
Event: 8.787 Thread 0x000000001691f000 DEOPT PACKING pc=0x000000000304f7d1 sp=0x0000000018a9ecb0
Event: 8.787 Thread 0x000000001691f000 DEOPT UNPACKING pc=0x000000000270787f sp=0x0000000018a9ea38 mode 0
Event: 8.852 Thread 0x000000001691f000 DEOPT PACKING pc=0x0000000003051ef8 sp=0x0000000018a9e9d0
Event: 8.852 Thread 0x000000001691f000 DEOPT UNPACKING pc=0x000000000270787f sp=0x0000000018a9e750 mode 0


Dynamic libraries:
0x00007ff7d46a0000 - 0x00007ff7d46d7000 	C:\Program Files\Java\jdk1.8.0_92\bin\java.exe
0x00007fffafe80000 - 0x00007fffb0041000 	C:\Windows\SYSTEM32\ntdll.dll
0x00007fffad470000 - 0x00007fffad51d000 	C:\Windows\system32\KERNEL32.DLL
0x00007fffacbf0000 - 0x00007fffacdd8000 	C:\Windows\system32\KERNELBASE.dll
0x00007fffaf220000 - 0x00007fffaf2c7000 	C:\Windows\system32\ADVAPI32.dll
0x00007fffad7d0000 - 0x00007fffad86d000 	C:\Windows\system32\msvcrt.dll
0x00007fffaf070000 - 0x00007fffaf0cb000 	C:\Windows\system32\sechost.dll
0x00007fffad870000 - 0x00007fffad98c000 	C:\Windows\system32\RPCRT4.dll
0x00007fffad670000 - 0x00007fffad7c6000 	C:\Windows\system32\USER32.dll
0x00007fffad2e0000 - 0x00007fffad466000 	C:\Windows\system32\GDI32.dll
0x00007fffa0260000 - 0x00007fffa04d4000 	C:\Windows\WinSxS\amd64_microsoft.windows.common-controls_6595b64144ccf1df_6.0.10586.589_none_a2ddb3caa539acce\COMCTL32.dll
0x00007fffaf400000 - 0x00007fffaf67d000 	C:\Windows\system32\combase.dll
0x00007fffacfb0000 - 0x00007fffad01a000 	C:\Windows\system32\bcryptPrimitives.dll
0x00007fffad630000 - 0x00007fffad66b000 	C:\Windows\system32\IMM32.DLL
0x000000006be40000 - 0x000000006bf12000 	C:\Program Files\Java\jdk1.8.0_92\jre\bin\msvcr100.dll
0x000000006c2d0000 - 0x000000006cb66000 	C:\Program Files\Java\jdk1.8.0_92\jre\bin\server\jvm.dll
0x00007fffaf050000 - 0x00007fffaf058000 	C:\Windows\system32\PSAPI.DLL
0x00007fffa57f0000 - 0x00007fffa57f9000 	C:\Windows\SYSTEM32\WSOCK32.dll
0x00007fffafc00000 - 0x00007fffafc6b000 	C:\Windows\system32\WS2_32.dll
0x00007fffaaba0000 - 0x00007fffaabc3000 	C:\Windows\SYSTEM32\WINMM.dll
0x00007fffa0a00000 - 0x00007fffa0a0a000 	C:\Windows\SYSTEM32\VERSION.dll
0x00007fffaab70000 - 0x00007fffaab9c000 	C:\Windows\SYSTEM32\WINMMBASE.dll
0x00007fffacb80000 - 0x00007fffacbc3000 	C:\Windows\system32\cfgmgr32.dll
0x000000006c2c0000 - 0x000000006c2cf000 	C:\Program Files\Java\jdk1.8.0_92\jre\bin\verify.dll
0x000000006c290000 - 0x000000006c2b9000 	C:\Program Files\Java\jdk1.8.0_92\jre\bin\java.dll
0x000000006c270000 - 0x000000006c286000 	C:\Program Files\Java\jdk1.8.0_92\jre\bin\zip.dll
0x00007fffad990000 - 0x00007fffaeeec000 	C:\Windows\system32\SHELL32.dll
0x00007fffac530000 - 0x00007fffacb75000 	C:\Windows\system32\windows.storage.dll
0x00007fffafe20000 - 0x00007fffafe72000 	C:\Windows\system32\shlwapi.dll
0x00007fffac510000 - 0x00007fffac51f000 	C:\Windows\system32\kernel.appcore.dll
0x00007fffad020000 - 0x00007fffad0d5000 	C:\Windows\system32\shcore.dll
0x00007fffac4a0000 - 0x00007fffac4eb000 	C:\Windows\system32\powrprof.dll
0x00007fffac4f0000 - 0x00007fffac504000 	C:\Windows\system32\profapi.dll

VM Arguments:
jvm_args: -Djava.awt.headless=true -Xmx1024M -Dfile.encoding=windows-1252 -Duser.country=GB -Duser.language=en -Duser.variant 
java_command: com.android.dx.command.Main --dex --force-jumbo --num-threads=4 --multi-dex --output C:\Users\Edgaras\Desktop\Mokslai\Projects\Android Projects\SpaceShooter\app\build\intermediates\transforms\dex\debug\folders\1000\10\com.android.support-support-v4-24.1.0_d6b98b1b0361848804f0d3e66441ec8c08f7ccc4 C:\Users\Edgaras\Desktop\Mokslai\Projects\Android Projects\SpaceShooter\app\build\intermediates\exploded-aar\com.android.support\support-v4\24.1.0\jars\classes.jar
java_class_path (initial): C:\Users\Edgaras\AppData\Local\Android\sdk\build-tools\24.0.0\lib\dx.jar
Launcher Type: SUN_STANDARD

Environment Variables:
PATH=C:\ProgramData\Oracle\Java\javapath;C:\Windows\system32;C:\Windows;C:\Windows\System32\Wbem;C:\Windows\System32\WindowsPowerShell\v1.0\;C:\Program Files (x86)\MySQL\MySQL Fabric 1.5 & MySQL Utilities 1.5\;C:\Program Files (x86)\MySQL\MySQL Fabric 1.5 & MySQL Utilities 1.5\Doctrine extensions for PHP\;C:\Program Files\Microsoft SQL Server\130\Tools\Binn\;C:\Program Files\nodejs\;C:\Windows\system32\config\systemprofile\.dnx\bin;C:\Program Files\Microsoft DNX\Dnvm\;C:\Users\Edgaras\AppData\Local\Android\Sdk\tools;C:\Users\Edgaras\AppData\Local\Android\Sdk\platform-tools;C:\Users\Edgaras\AppData\Roaming\npm
USERNAME=Edgaras
OS=Windows_NT
PROCESSOR_IDENTIFIER=Intel64 Family 6 Model 61 Stepping 4, GenuineIntel



---------------  S Y S T E M  ---------------

OS: Windows 10.0 , 64 bit Build 10586 (10.0.10586.589)

CPU:total 4 (2 cores per cpu, 2 threads per core) family 6 model 61 stepping 4, cmov, cx8, fxsr, mmx, sse, sse2, sse3, ssse3, sse4.1, sse4.2, popcnt, avx, avx2, aes, clmul, erms, 3dnowpref, lzcnt, ht, tsc, tscinvbit, bmi1, bmi2, adx

Memory: 4k page, physical 6204428k(854836k free), swap 8047360k(4892k free)

vm_info: Java HotSpot(TM) 64-Bit Server VM (25.92-b14) for windows-amd64 JRE (1.8.0_92-b14), built on Mar 31 2016 21:03:04 by "java_re" with MS VC++ 10.0 (VS2010)

time: Mon Nov 14 00:41:30 2016
elapsed time: 9 seconds (0d 0h 0m 9s)

